{"meta": {"format": 3, "version": "7.13.4", "timestamp": "2026-03-01T02:17:48.139384", "branch_coverage": false, "show_contexts": false}, "files": {"ast_dsl/__init__.py": {"executed_lines": [7, 8, 10], "summary": {"covered_lines": 3, "num_statements": 3, "percent_covered": 100.0, "percent_covered_display": "100", "missing_lines": 0, "excluded_lines": 0, "percent_statements_covered": 100.0, "percent_statements_covered_display": "100"}, "missing_lines": [], "excluded_lines": [], "functions": {"": {"executed_lines": [7, 8, 10], "summary": {"covered_lines": 3, "num_statements": 3, "percent_covered": 100.0, "percent_covered_display": "100", "missing_lines": 0, "excluded_lines": 0, "percent_statements_covered": 100.0, "percent_statements_covered_display": "100"}, "missing_lines": [], "excluded_lines": [], "start_line": 1}}, "classes": {"": {"executed_lines": [7, 8, 10], "summary": {"covered_lines": 3, "num_statements": 3, "percent_covered": 100.0, "percent_covered_display": "100", "missing_lines": 0, "excluded_lines": 0, "percent_statements_covered": 100.0, "percent_statements_covered_display": "100"}, "missing_lines": [], "excluded_lines": [], "start_line": 1}}}, "ast_dsl/c_ast.py": {"executed_lines": [6, 7, 8, 9, 10, 13, 15, 16, 22, 23, 24, 25, 26, 28, 29, 30, 31, 36, 38, 39, 40, 41, 43, 44, 45, 46, 48, 49, 50, 53, 54, 55, 56, 57, 58, 59, 60, 63, 64, 66, 76, 97, 148, 150, 151, 152, 153, 155, 160, 163, 165], "summary": {"covered_lines": 51, "num_statements": 96, "percent_covered": 53.125, "percent_covered_display": "53", "missing_lines": 45, "excluded_lines": 0, "percent_statements_covered": 53.125, "percent_statements_covered_display": "53"}, "missing_lines": [17, 18, 32, 33, 79, 80, 82, 83, 84, 86, 87, 92, 93, 94, 99, 100, 101, 103, 104, 106, 107, 108, 110, 111, 113, 114, 115, 117, 118, 120, 121, 122, 123, 124, 125, 126, 127, 128, 130, 137, 138, 140, 141, 143, 145], "excluded_lines": [], "functions": {"parse_c_source": {"executed_lines": [15, 16, 22, 23, 24, 25, 26, 28, 29, 30, 31], "summary": {"covered_lines": 11, "num_statements": 15, "percent_covered": 73.33333333333333, "percent_covered_display": "73", "missing_lines": 4, "excluded_lines": 0, "percent_statements_covered": 73.33333333333333, "percent_statements_covered_display": "73"}, "missing_lines": [17, 18, 32, 33], "excluded_lines": [], "start_line": 13}, "_convert_pycparser_node": {"executed_lines": [38, 39, 40, 41, 43, 44, 45, 46, 48, 49, 50, 53, 54, 55, 56, 57, 58, 59, 60, 63, 64, 66], "summary": {"covered_lines": 22, "num_statements": 22, "percent_covered": 100.0, "percent_covered_display": "100", "missing_lines": 0, "excluded_lines": 0, "percent_statements_covered": 100.0, "percent_statements_covered_display": "100"}, "missing_lines": [], "excluded_lines": [], "start_line": 36}, "parse_cpp_with_clang": {"executed_lines": [], "summary": {"covered_lines": 0, "num_statements": 10, "percent_covered": 0.0, "percent_covered_display": "0", "missing_lines": 10, "excluded_lines": 0, "percent_statements_covered": 0.0, "percent_statements_covered_display": "0"}, "missing_lines": [79, 80, 82, 83, 84, 86, 87, 92, 93, 94], "excluded_lines": [], "start_line": 76}, "_parse_clang_dump": {"executed_lines": [], "summary": {"covered_lines": 0, "num_statements": 31, "percent_covered": 0.0, "percent_covered_display": "0", "missing_lines": 31, "excluded_lines": 0, "percent_statements_covered": 0.0, "percent_statements_covered_display": "0"}, "missing_lines": [99, 100, 101, 103, 104, 106, 107, 108, 110, 111, 113, 114, 115, 117, 118, 120, 121, 122, 123, 124, 125, 126, 127, 128, 130, 137, 138, 140, 141, 143, 145], "excluded_lines": [], "start_line": 97}, "find_c_symbols": {"executed_lines": [150, 151, 152, 153, 155, 160], "summary": {"covered_lines": 6, "num_statements": 6, "percent_covered": 100.0, "percent_covered_display": "100", "missing_lines": 0, "excluded_lines": 0, "percent_statements_covered": 100.0, "percent_statements_covered_display": "100"}, "missing_lines": [], "excluded_lines": [], "start_line": 148}, "to_compact": {"executed_lines": [165], "summary": {"covered_lines": 1, "num_statements": 1, "percent_covered": 100.0, "percent_covered_display": "100", "missing_lines": 0, "excluded_lines": 0, "percent_statements_covered": 100.0, "percent_statements_covered_display": "100"}, "missing_lines": [], "excluded_lines": [], "start_line": 163}, "": {"executed_lines": [6, 7, 8, 9, 10, 13, 36, 76, 97, 148, 163], "summary": {"covered_lines": 11, "num_statements": 11, "percent_covered": 100.0, "percent_covered_display": "100", "missing_lines": 0, "excluded_lines": 0, "percent_statements_covered": 100.0, "percent_statements_covered_display": "100"}, "missing_lines": [], "excluded_lines": [], "start_line": 1}}, "classes": {"": {"executed_lines": [6, 7, 8, 9, 10, 13, 15, 16, 22, 23, 24, 25, 26, 28, 29, 30, 31, 36, 38, 39, 40, 41, 43, 44, 45, 46, 48, 49, 50, 53, 54, 55, 56, 57, 58, 59, 60, 63, 64, 66, 76, 97, 148, 150, 151, 152, 153, 155, 160, 163, 165], "summary": {"covered_lines": 51, "num_statements": 96, "percent_covered": 53.125, "percent_covered_display": "53", "missing_lines": 45, "excluded_lines": 0, "percent_statements_covered": 53.125, "percent_statements_covered_display": "53"}, "missing_lines": [17, 18, 32, 33, 79, 80, 82, 83, 84, 86, 87, 92, 93, 94, 99, 100, 101, 103, 104, 106, 107, 108, 110, 111, 113, 114, 115, 117, 118, 120, 121, 122, 123, 124, 125, 126, 127, 128, 130, 137, 138, 140, 141, 143, 145], "excluded_lines": [], "start_line": 1}}}, "ast_dsl/core.py": {"executed_lines": [8, 9, 10, 11, 12, 13, 14, 15, 16, 17, 18, 21, 22, 23, 24, 25, 26, 27, 28, 29, 30, 33, 34, 36, 37, 38, 39, 40, 41, 42, 43, 44, 46, 47, 53, 54, 55, 56, 57, 58, 59, 60, 61, 62, 64, 66, 67, 68, 69, 70, 71, 72, 73, 74, 75, 76, 77, 79, 81, 82, 83, 85, 87, 88, 89, 90, 91, 92, 93, 94, 97, 98, 100, 101, 102, 103, 104, 106, 107, 109, 110, 111, 114, 115, 117, 118, 119, 120, 121, 122, 123, 124, 125, 127, 128, 131, 132, 134, 135, 136, 137, 138, 139, 141, 142, 148, 149, 150, 151, 152, 153, 154, 158, 159, 161, 163, 164, 165, 166, 167, 168, 169, 170, 171, 172, 173, 174, 175, 178, 181, 182, 185, 187, 189, 190, 191, 192, 193, 195, 196, 197, 198, 200, 209, 211, 213, 223, 224, 225, 227, 228, 229, 230, 231, 232, 233, 234, 235, 237, 238, 239, 240, 243, 249, 250, 251, 253, 260, 261, 263, 265, 266, 267, 268, 269, 270, 271, 272, 273, 275, 277, 278, 280, 282, 283, 284, 286, 287, 288, 289, 290, 291, 296, 297, 298, 302, 303, 304, 305, 308, 309, 310, 311, 312, 313, 314, 315, 316, 317, 318, 319, 320, 321, 322, 323, 325, 326, 327, 328, 331, 332, 333, 334, 335, 336, 338, 339, 340, 341, 342, 344, 345, 346, 348, 360, 362, 363, 364, 365, 367, 369, 370, 373, 374, 376, 378, 379, 380, 381, 383, 385, 386, 387, 388, 391, 397, 399, 401, 402, 403, 404, 405, 411, 413, 415, 416, 417, 418, 419, 420, 425, 427, 429, 430, 431, 432, 433, 434, 435, 437, 439, 440, 441, 442, 443, 444, 445, 446, 447, 448, 449, 450, 452, 453, 462, 464, 465, 466, 467, 468, 469, 470, 471, 472, 474, 476, 477, 478, 479, 480, 481, 482, 484, 485, 492, 494, 496, 497, 499, 501, 502, 504, 506, 507], "summary": {"covered_lines": 324, "num_statements": 331, "percent_covered": 97.88519637462235, "percent_covered_display": "98", "missing_lines": 7, "excluded_lines": 0, "percent_statements_covered": 97.88519637462235, "percent_statements_covered_display": "98"}, "missing_lines": [292, 293, 294, 295, 306, 307, 371], "excluded_lines": [], "functions": {"ASTNode.to_dict": {"executed_lines": [47, 53, 54, 55, 56, 57, 58, 59, 60, 61, 62], "summary": {"covered_lines": 11, "num_statements": 11, "percent_covered": 100.0, "percent_covered_display": "100", "missing_lines": 0, "excluded_lines": 0, "percent_statements_covered": 100.0, "percent_statements_covered_display": "100"}, "missing_lines": [], "excluded_lines": [], "start_line": 46}, "ASTNode.to_compact": {"executed_lines": [66, 67, 68, 69, 70, 71, 72, 73, 74, 75, 76, 77], "summary": {"covered_lines": 12, "num_statements": 12, "percent_covered": 100.0, "percent_covered_display": "100", "missing_lines": 0, "excluded_lines": 0, "percent_statements_covered": 100.0, "percent_statements_covered_display": "100"}, "missing_lines": [], "excluded_lines": [], "start_line": 64}, "ASTNode.walk": {"executed_lines": [81, 82, 83], "summary": {"covered_lines": 3, "num_statements": 3, "percent_covered": 100.0, "percent_covered_display": "100", "missing_lines": 0, "excluded_lines": 0, "percent_statements_covered": 100.0, "percent_statements_covered_display": "100"}, "missing_lines": [], "excluded_lines": [], "start_line": 79}, "ASTNode.find": {"executed_lines": [87, 88, 89, 90, 91, 92, 93, 94], "summary": {"covered_lines": 8, "num_statements": 8, "percent_covered": 100.0, "percent_covered_display": "100", "missing_lines": 0, "excluded_lines": 0, "percent_statements_covered": 100.0, "percent_statements_covered_display": "100"}, "missing_lines": [], "excluded_lines": [], "start_line": 85}, "ASTQuery.to_dict": {"executed_lines": [107], "summary": {"covered_lines": 1, "num_statements": 1, "percent_covered": 100.0, "percent_covered_display": "100", "missing_lines": 0, "excluded_lines": 0, "percent_statements_covered": 100.0, "percent_statements_covered_display": "100"}, "missing_lines": [], "excluded_lines": [], "start_line": 106}, "ASTQuery.from_dict": {"executed_lines": [111], "summary": {"covered_lines": 1, "num_statements": 1, "percent_covered": 100.0, "percent_covered_display": "100", "missing_lines": 0, "excluded_lines": 0, "percent_statements_covered": 100.0, "percent_statements_covered_display": "100"}, "missing_lines": [], "excluded_lines": [], "start_line": 110}, "PerformanceMetrics.to_dict": {"executed_lines": [128], "summary": {"covered_lines": 1, "num_statements": 1, "percent_covered": 100.0, "percent_covered_display": "100", "missing_lines": 0, "excluded_lines": 0, "percent_statements_covered": 100.0, "percent_statements_covered_display": "100"}, "missing_lines": [], "excluded_lines": [], "start_line": 127}, "ASTResult.to_dict": {"executed_lines": [142, 148, 149, 150, 151, 152, 153, 154, 158, 159], "summary": {"covered_lines": 10, "num_statements": 10, "percent_covered": 100.0, "percent_covered_display": "100", "missing_lines": 0, "excluded_lines": 0, "percent_statements_covered": 100.0, "percent_statements_covered_display": "100"}, "missing_lines": [], "excluded_lines": [], "start_line": 141}, "ASTResult.to_compact": {"executed_lines": [163, 164, 165, 166, 167, 168, 169, 170, 171, 172, 173, 174, 175], "summary": {"covered_lines": 13, "num_statements": 13, "percent_covered": 100.0, "percent_covered_display": "100", "missing_lines": 0, "excluded_lines": 0, "percent_statements_covered": 100.0, "percent_statements_covered_display": "100"}, "missing_lines": [], "excluded_lines": [], "start_line": 161}, "ASTEngine.__init__": {"executed_lines": [182, 185], "summary": {"covered_lines": 2, "num_statements": 2, "percent_covered": 100.0, "percent_covered_display": "100", "missing_lines": 0, "excluded_lines": 0, "percent_statements_covered": 100.0, "percent_statements_covered_display": "100"}, "missing_lines": [], "excluded_lines": [], "start_line": 181}, "ASTEngine._measure": {"executed_lines": [189, 190, 191, 192, 193, 195, 196, 197, 198, 200, 209], "summary": {"covered_lines": 11, "num_statements": 11, "percent_covered": 100.0, "percent_covered_display": "100", "missing_lines": 0, "excluded_lines": 0, "percent_statements_covered": 100.0, "percent_statements_covered_display": "100"}, "missing_lines": [], "excluded_lines": [], "start_line": 187}, "ASTEngine.execute": {"executed_lines": [213, 223, 224, 225, 227, 228, 229, 230, 231, 232, 233, 234, 235, 237, 238, 239, 240, 243, 249, 250, 251, 253, 260, 261], "summary": {"covered_lines": 24, "num_statements": 24, "percent_covered": 100.0, "percent_covered_display": "100", "missing_lines": 0, "excluded_lines": 0, "percent_statements_covered": 100.0, "percent_statements_covered_display": "100"}, "missing_lines": [], "excluded_lines": [], "start_line": 211}, "ASTEngine._get_python_ast": {"executed_lines": [265, 266, 267, 268, 269, 270, 271, 272, 273], "summary": {"covered_lines": 9, "num_statements": 9, "percent_covered": 100.0, "percent_covered_display": "100", "missing_lines": 0, "excluded_lines": 0, "percent_statements_covered": 100.0, "percent_statements_covered_display": "100"}, "missing_lines": [], "excluded_lines": [], "start_line": 263}, "ASTEngine._parse_python": {"executed_lines": [277, 278], "summary": {"covered_lines": 2, "num_statements": 2, "percent_covered": 100.0, "percent_covered_display": "100", "missing_lines": 0, "excluded_lines": 0, "percent_statements_covered": 100.0, "percent_statements_covered_display": "100"}, "missing_lines": [], "excluded_lines": [], "start_line": 275}, "ASTEngine._python_node_to_universal": {"executed_lines": [282, 283, 284, 286, 287, 288, 289, 290, 291, 296, 297, 298, 302, 303, 304, 305, 308, 309, 310, 311, 312, 313, 314, 315, 316, 317, 318, 319, 320, 321, 322, 323, 325, 326, 327, 328, 331, 332, 333, 334, 335, 336, 338, 339, 340, 341, 342, 344, 345, 346, 348], "summary": {"covered_lines": 51, "num_statements": 57, "percent_covered": 89.47368421052632, "percent_covered_display": "89", "missing_lines": 6, "excluded_lines": 0, "percent_statements_covered": 89.47368421052632, "percent_statements_covered_display": "89"}, "missing_lines": [292, 293, 294, 295, 306, 307], "excluded_lines": [], "start_line": 280}, "ASTEngine._action_parse": {"executed_lines": [362, 363, 364, 365, 367, 369, 370, 373, 374], "summary": {"covered_lines": 9, "num_statements": 10, "percent_covered": 90.0, "percent_covered_display": "90", "missing_lines": 1, "excluded_lines": 0, "percent_statements_covered": 90.0, "percent_statements_covered_display": "90"}, "missing_lines": [371], "excluded_lines": [], "start_line": 360}, "ASTEngine._action_find": {"executed_lines": [378, 379, 380, 381], "summary": {"covered_lines": 4, "num_statements": 4, "percent_covered": 100.0, "percent_covered_display": "100", "missing_lines": 0, "excluded_lines": 0, "percent_statements_covered": 100.0, "percent_statements_covered_display": "100"}, "missing_lines": [], "excluded_lines": [], "start_line": 376}, "ASTEngine._action_symbols": {"executed_lines": [385, 386, 387, 388, 391, 397], "summary": {"covered_lines": 6, "num_statements": 6, "percent_covered": 100.0, "percent_covered_display": "100", "missing_lines": 0, "excluded_lines": 0, "percent_statements_covered": 100.0, "percent_statements_covered_display": "100"}, "missing_lines": [], "excluded_lines": [], "start_line": 383}, "ASTEngine._action_dependencies": {"executed_lines": [401, 402, 403, 404, 405, 411], "summary": {"covered_lines": 6, "num_statements": 6, "percent_covered": 100.0, "percent_covered_display": "100", "missing_lines": 0, "excluded_lines": 0, "percent_statements_covered": 100.0, "percent_statements_covered_display": "100"}, "missing_lines": [], "excluded_lines": [], "start_line": 399}, "ASTEngine._action_callers": {"executed_lines": [415, 416, 417, 418, 419, 420, 425], "summary": {"covered_lines": 7, "num_statements": 7, "percent_covered": 100.0, "percent_covered_display": "100", "missing_lines": 0, "excluded_lines": 0, "percent_statements_covered": 100.0, "percent_statements_covered_display": "100"}, "missing_lines": [], "excluded_lines": [], "start_line": 413}, "ASTEngine._action_code_metrics": {"executed_lines": [429, 430, 431, 432, 433, 434, 435, 437, 452, 453], "summary": {"covered_lines": 10, "num_statements": 10, "percent_covered": 100.0, "percent_covered_display": "100", "missing_lines": 0, "excluded_lines": 0, "percent_statements_covered": 100.0, "percent_statements_covered_display": "100"}, "missing_lines": [], "excluded_lines": [], "start_line": 427}, "ASTEngine._action_code_metrics._walk_depth": {"executed_lines": [439, 440, 441, 442, 443, 444, 445, 446, 447, 448, 449, 450], "summary": {"covered_lines": 12, "num_statements": 12, "percent_covered": 100.0, "percent_covered_display": "100", "missing_lines": 0, "excluded_lines": 0, "percent_statements_covered": 100.0, "percent_statements_covered_display": "100"}, "missing_lines": [], "excluded_lines": [], "start_line": 437}, "ASTEngine._action_transform": {"executed_lines": [464, 465, 466, 467, 468, 469, 470, 471, 472], "summary": {"covered_lines": 9, "num_statements": 9, "percent_covered": 100.0, "percent_covered_display": "100", "missing_lines": 0, "excluded_lines": 0, "percent_statements_covered": 100.0, "percent_statements_covered_display": "100"}, "missing_lines": [], "excluded_lines": [], "start_line": 462}, "ASTEngine._action_coverage_map": {"executed_lines": [476, 477, 478, 479, 480, 481, 482, 484, 485, 492], "summary": {"covered_lines": 10, "num_statements": 10, "percent_covered": 100.0, "percent_covered_display": "100", "missing_lines": 0, "excluded_lines": 0, "percent_statements_covered": 100.0, "percent_statements_covered_display": "100"}, "missing_lines": [], "excluded_lines": [], "start_line": 474}, "ASTEngine.parse_file": {"executed_lines": [496, 497], "summary": {"covered_lines": 2, "num_statements": 2, "percent_covered": 100.0, "percent_covered_display": "100", "missing_lines": 0, "excluded_lines": 0, "percent_statements_covered": 100.0, "percent_statements_covered_display": "100"}, "missing_lines": [], "excluded_lines": [], "start_line": 494}, "ASTEngine.find_symbols": {"executed_lines": [501, 502], "summary": {"covered_lines": 2, "num_statements": 2, "percent_covered": 100.0, "percent_covered_display": "100", "missing_lines": 0, "excluded_lines": 0, "percent_statements_covered": 100.0, "percent_statements_covered_display": "100"}, "missing_lines": [], "excluded_lines": [], "start_line": 499}, "ASTEngine.get_dependencies": {"executed_lines": [506, 507], "summary": {"covered_lines": 2, "num_statements": 2, "percent_covered": 100.0, "percent_covered_display": "100", "missing_lines": 0, "excluded_lines": 0, "percent_statements_covered": 100.0, "percent_statements_covered_display": "100"}, "missing_lines": [], "excluded_lines": [], "start_line": 504}, "": {"executed_lines": [8, 9, 10, 11, 12, 13, 14, 15, 16, 17, 18, 21, 22, 23, 24, 25, 26, 27, 28, 29, 30, 33, 34, 36, 37, 38, 39, 40, 41, 42, 43, 44, 46, 64, 79, 85, 97, 98, 100, 101, 102, 103, 104, 106, 109, 110, 114, 115, 117, 118, 119, 120, 121, 122, 123, 124, 125, 127, 131, 132, 134, 135, 136, 137, 138, 139, 141, 161, 178, 181, 187, 211, 263, 275, 280, 360, 376, 383, 399, 413, 427, 462, 474, 494, 499, 504], "summary": {"covered_lines": 86, "num_statements": 86, "percent_covered": 100.0, "percent_covered_display": "100", "missing_lines": 0, "excluded_lines": 0, "percent_statements_covered": 100.0, "percent_statements_covered_display": "100"}, "missing_lines": [], "excluded_lines": [], "start_line": 1}}, "classes": {"Language": {"executed_lines": [], "summary": {"covered_lines": 0, "num_statements": 0, "percent_covered": 100.0, "percent_covered_display": "100", "missing_lines": 0, "excluded_lines": 0, "percent_statements_covered": 100.0, "percent_statements_covered_display": "100"}, "missing_lines": [], "excluded_lines": [], "start_line": 21}, "ASTNode": {"executed_lines": [47, 53, 54, 55, 56, 57, 58, 59, 60, 61, 62, 66, 67, 68, 69, 70, 71, 72, 73, 74, 75, 76, 77, 81, 82, 83, 87, 88, 89, 90, 91, 92, 93, 94], "summary": {"covered_lines": 34, "num_statements": 34, "percent_covered": 100.0, "percent_covered_display": "100", "missing_lines": 0, "excluded_lines": 0, "percent_statements_covered": 100.0, "percent_statements_covered_display": "100"}, "missing_lines": [], "excluded_lines": [], "start_line": 34}, "ASTQuery": {"executed_lines": [107, 111], "summary": {"covered_lines": 2, "num_statements": 2, "percent_covered": 100.0, "percent_covered_display": "100", "missing_lines": 0, "excluded_lines": 0, "percent_statements_covered": 100.0, "percent_statements_covered_display": "100"}, "missing_lines": [], "excluded_lines": [], "start_line": 98}, "PerformanceMetrics": {"executed_lines": [128], "summary": {"covered_lines": 1, "num_statements": 1, "percent_covered": 100.0, "percent_covered_display": "100", "missing_lines": 0, "excluded_lines": 0, "percent_statements_covered": 100.0, "percent_statements_covered_display": "100"}, "missing_lines": [], "excluded_lines": [], "start_line": 115}, "ASTResult": {"executed_lines": [142, 148, 149, 150, 151, 152, 153, 154, 158, 159, 163, 164, 165, 166, 167, 168, 169, 170, 171, 172, 173, 174, 175], "summary": {"covered_lines": 23, "num_statements": 23, "percent_covered": 100.0, "percent_covered_display": "100", "missing_lines": 0, "excluded_lines": 0, "percent_statements_covered": 100.0, "percent_statements_covered_display": "100"}, "missing_lines": [], "excluded_lines": [], "start_line": 132}, "ASTEngine": {"executed_lines": [182, 185, 189, 190, 191, 192, 193, 195, 196, 197, 198, 200, 209, 213, 223, 224, 225, 227, 228, 229, 230, 231, 232, 233, 234, 235, 237, 238, 239, 240, 243, 249, 250, 251, 253, 260, 261, 265, 266, 267, 268, 269, 270, 271, 272, 273, 277, 278, 282, 283, 284, 286, 287, 288, 289, 290, 291, 296, 297, 298, 302, 303, 304, 305, 308, 309, 310, 311, 312, 313, 314, 315, 316, 317, 318, 319, 320, 321, 322, 323, 325, 326, 327, 328, 331, 332, 333, 334, 335, 336, 338, 339, 340, 341, 342, 344, 345, 346, 348, 362, 363, 364, 365, 367, 369, 370, 373, 374, 378, 379, 380, 381, 385, 386, 387, 388, 391, 397, 401, 402, 403, 404, 405, 411, 415, 416, 417, 418, 419, 420, 425, 429, 430, 431, 432, 433, 434, 435, 437, 439, 440, 441, 442, 443, 444, 445, 446, 447, 448, 449, 450, 452, 453, 464, 465, 466, 467, 468, 469, 470, 471, 472, 476, 477, 478, 479, 480, 481, 482, 484, 485, 492, 496, 497, 501, 502, 506, 507], "summary": {"covered_lines": 178, "num_statements": 185, "percent_covered": 96.21621621621621, "percent_covered_display": "96", "missing_lines": 7, "excluded_lines": 0, "percent_statements_covered": 96.21621621621621, "percent_statements_covered_display": "96"}, "missing_lines": [292, 293, 294, 295, 306, 307, 371], "excluded_lines": [], "start_line": 178}, "": {"executed_lines": [8, 9, 10, 11, 12, 13, 14, 15, 16, 17, 18, 21, 22, 23, 24, 25, 26, 27, 28, 29, 30, 33, 34, 36, 37, 38, 39, 40, 41, 42, 43, 44, 46, 64, 79, 85, 97, 98, 100, 101, 102, 103, 104, 106, 109, 110, 114, 115, 117, 118, 119, 120, 121, 122, 123, 124, 125, 127, 131, 132, 134, 135, 136, 137, 138, 139, 141, 161, 178, 181, 187, 211, 263, 275, 280, 360, 376, 383, 399, 413, 427, 462, 474, 494, 499, 504], "summary": {"covered_lines": 86, "num_statements": 86, "percent_covered": 100.0, "percent_covered_display": "100", "missing_lines": 0, "excluded_lines": 0, "percent_statements_covered": 100.0, "percent_statements_covered_display": "100"}, "missing_lines": [], "excluded_lines": [], "start_line": 1}}}, "ast_dsl/java_ast.py": {"executed_lines": [7, 8, 9, 10, 11, 14, 17, 20, 21, 22, 29, 30, 31, 32, 33, 34, 42, 50, 51, 52, 53, 55, 59, 68, 73, 74, 75, 76, 78, 82, 89, 91, 94, 111, 131, 133, 134, 135, 136, 137, 142, 145, 147], "summary": {"covered_lines": 43, "num_statements": 66, "percent_covered": 65.15151515151516, "percent_covered_display": "65", "missing_lines": 23, "excluded_lines": 0, "percent_statements_covered": 65.15151515151516, "percent_statements_covered_display": "65"}, "missing_lines": [54, 56, 96, 97, 101, 102, 104, 105, 106, 107, 108, 113, 114, 115, 116, 117, 118, 119, 120, 121, 122, 127, 128], "excluded_lines": [], "functions": {"parse_java_source": {"executed_lines": [17, 20, 21, 22, 29, 30, 31, 32, 33, 34, 42, 50, 51, 52, 53, 55, 59, 68, 73, 74, 75, 76, 78, 82, 89, 91], "summary": {"covered_lines": 26, "num_statements": 28, "percent_covered": 92.85714285714286, "percent_covered_display": "93", "missing_lines": 2, "excluded_lines": 0, "percent_statements_covered": 92.85714285714286, "percent_statements_covered_display": "93"}, "missing_lines": [54, 56], "excluded_lines": [], "start_line": 14}, "parse_java_with_javac": {"executed_lines": [], "summary": {"covered_lines": 0, "num_statements": 9, "percent_covered": 0.0, "percent_covered_display": "0", "missing_lines": 9, "excluded_lines": 0, "percent_statements_covered": 0.0, "percent_statements_covered_display": "0"}, "missing_lines": [96, 97, 101, 102, 104, 105, 106, 107, 108], "excluded_lines": [], "start_line": 94}, "_parse_javac_output": {"executed_lines": [], "summary": {"covered_lines": 0, "num_statements": 12, "percent_covered": 0.0, "percent_covered_display": "0", "missing_lines": 12, "excluded_lines": 0, "percent_statements_covered": 0.0, "percent_statements_covered_display": "0"}, "missing_lines": [113, 114, 115, 116, 117, 118, 119, 120, 121, 122, 127, 128], "excluded_lines": [], "start_line": 111}, "find_java_symbols": {"executed_lines": [133, 134, 135, 136, 137, 142], "summary": {"covered_lines": 6, "num_statements": 6, "percent_covered": 100.0, "percent_covered_display": "100", "missing_lines": 0, "excluded_lines": 0, "percent_statements_covered": 100.0, "percent_statements_covered_display": "100"}, "missing_lines": [], "excluded_lines": [], "start_line": 131}, "to_compact": {"executed_lines": [147], "summary": {"covered_lines": 1, "num_statements": 1, "percent_covered": 100.0, "percent_covered_display": "100", "missing_lines": 0, "excluded_lines": 0, "percent_statements_covered": 100.0, "percent_statements_covered_display": "100"}, "missing_lines": [], "excluded_lines": [], "start_line": 145}, "": {"executed_lines": [7, 8, 9, 10, 11, 14, 94, 111, 131, 145], "summary": {"covered_lines": 10, "num_statements": 10, "percent_covered": 100.0, "percent_covered_display": "100", "missing_lines": 0, "excluded_lines": 0, "percent_statements_covered": 100.0, "percent_statements_covered_display": "100"}, "missing_lines": [], "excluded_lines": [], "start_line": 1}}, "classes": {"": {"executed_lines": [7, 8, 9, 10, 11, 14, 17, 20, 21, 22, 29, 30, 31, 32, 33, 34, 42, 50, 51, 52, 53, 55, 59, 68, 73, 74, 75, 76, 78, 82, 89, 91, 94, 111, 131, 133, 134, 135, 136, 137, 142, 145, 147], "summary": {"covered_lines": 43, "num_statements": 66, "percent_covered": 65.15151515151516, "percent_covered_display": "65", "missing_lines": 23, "excluded_lines": 0, "percent_statements_covered": 65.15151515151516, "percent_statements_covered_display": "65"}, "missing_lines": [54, 56, 96, 97, 101, 102, 104, 105, 106, 107, 108, 113, 114, 115, 116, 117, 118, 119, 120, 121, 122, 127, 128], "excluded_lines": [], "start_line": 1}}}, "ast_dsl/perl_ast.py": {"executed_lines": [6, 7, 8, 9, 10, 13, 16, 19, 21, 22, 23, 24, 25, 33, 34, 35, 42, 44, 45, 46, 47, 49, 57, 66, 67, 68, 75, 78, 103, 105, 106, 107, 108, 109, 114, 117, 119], "summary": {"covered_lines": 37, "num_statements": 54, "percent_covered": 68.51851851851852, "percent_covered_display": "69", "missing_lines": 17, "excluded_lines": 0, "percent_statements_covered": 68.51851851851852, "percent_statements_covered_display": "69"}, "missing_lines": [48, 58, 59, 80, 81, 85, 86, 87, 91, 92, 93, 94, 95, 96, 97, 99, 100], "excluded_lines": [], "functions": {"parse_perl_source": {"executed_lines": [16, 19, 21, 22, 23, 24, 25, 33, 34, 35, 42, 44, 45, 46, 47, 49, 57, 66, 67, 68, 75], "summary": {"covered_lines": 21, "num_statements": 24, "percent_covered": 87.5, "percent_covered_display": "88", "missing_lines": 3, "excluded_lines": 0, "percent_statements_covered": 87.5, "percent_statements_covered_display": "88"}, "missing_lines": [48, 58, 59], "excluded_lines": [], "start_line": 13}, "parse_perl_with_deparse": {"executed_lines": [], "summary": {"covered_lines": 0, "num_statements": 14, "percent_covered": 0.0, "percent_covered_display": "0", "missing_lines": 14, "excluded_lines": 0, "percent_statements_covered": 0.0, "percent_statements_covered_display": "0"}, "missing_lines": [80, 81, 85, 86, 87, 91, 92, 93, 94, 95, 96, 97, 99, 100], "excluded_lines": [], "start_line": 78}, "find_perl_symbols": {"executed_lines": [105, 106, 107, 108, 109, 114], "summary": {"covered_lines": 6, "num_statements": 6, "percent_covered": 100.0, "percent_covered_display": "100", "missing_lines": 0, "excluded_lines": 0, "percent_statements_covered": 100.0, "percent_statements_covered_display": "100"}, "missing_lines": [], "excluded_lines": [], "start_line": 103}, "to_compact": {"executed_lines": [119], "summary": {"covered_lines": 1, "num_statements": 1, "percent_covered": 100.0, "percent_covered_display": "100", "missing_lines": 0, "excluded_lines": 0, "percent_statements_covered": 100.0, "percent_statements_covered_display": "100"}, "missing_lines": [], "excluded_lines": [], "start_line": 117}, "": {"executed_lines": [6, 7, 8, 9, 10, 13, 78, 103, 117], "summary": {"covered_lines": 9, "num_statements": 9, "percent_covered": 100.0, "percent_covered_display": "100", "missing_lines": 0, "excluded_lines": 0, "percent_statements_covered": 100.0, "percent_statements_covered_display": "100"}, "missing_lines": [], "excluded_lines": [], "start_line": 1}}, "classes": {"": {"executed_lines": [6, 7, 8, 9, 10, 13, 16, 19, 21, 22, 23, 24, 25, 33, 34, 35, 42, 44, 45, 46, 47, 49, 57, 66, 67, 68, 75, 78, 103, 105, 106, 107, 108, 109, 114, 117, 119], "summary": {"covered_lines": 37, "num_statements": 54, "percent_covered": 68.51851851851852, "percent_covered_display": "69", "missing_lines": 17, "excluded_lines": 0, "percent_statements_covered": 68.51851851851852, "percent_statements_covered_display": "69"}, "missing_lines": [48, 58, 59, 80, 81, 85, 86, 87, 91, 92, 93, 94, 95, 96, 97, 99, 100], "excluded_lines": [], "start_line": 1}}}, "ast_dsl/php_ast.py": {"executed_lines": [6, 7, 8, 9, 10, 11, 14, 17, 20, 21, 22, 29, 31, 32, 33, 35, 43, 50, 51, 52, 53, 54, 55, 57, 61, 69, 75, 76, 77, 79, 80, 81, 82, 89, 92, 154, 156, 157, 158, 159, 160, 165, 168, 170], "summary": {"covered_lines": 44, "num_statements": 72, "percent_covered": 61.111111111111114, "percent_covered_display": "61", "missing_lines": 28, "excluded_lines": 0, "percent_statements_covered": 61.111111111111114, "percent_statements_covered_display": "61"}, "missing_lines": [34, 56, 58, 94, 109, 110, 112, 113, 115, 119, 121, 122, 123, 126, 127, 128, 129, 130, 131, 136, 137, 138, 143, 145, 147, 148, 150, 151], "excluded_lines": [], "functions": {"parse_php_source": {"executed_lines": [17, 20, 21, 22, 29, 31, 32, 33, 35, 43, 50, 51, 52, 53, 54, 55, 57, 61, 69, 75, 76, 77, 79, 80, 81, 82, 89], "summary": {"covered_lines": 27, "num_statements": 30, "percent_covered": 90.0, "percent_covered_display": "90", "missing_lines": 3, "excluded_lines": 0, "percent_statements_covered": 90.0, "percent_statements_covered_display": "90"}, "missing_lines": [34, 56, 58], "excluded_lines": [], "start_line": 14}, "parse_php_with_tokenizer": {"executed_lines": [], "summary": {"covered_lines": 0, "num_statements": 25, "percent_covered": 0.0, "percent_covered_display": "0", "missing_lines": 25, "excluded_lines": 0, "percent_statements_covered": 0.0, "percent_statements_covered_display": "0"}, "missing_lines": [94, 109, 110, 112, 113, 115, 119, 121, 122, 123, 126, 127, 128, 129, 130, 131, 136, 137, 138, 143, 145, 147, 148, 150, 151], "excluded_lines": [], "start_line": 92}, "find_php_symbols": {"executed_lines": [156, 157, 158, 159, 160, 165], "summary": {"covered_lines": 6, "num_statements": 6, "percent_covered": 100.0, "percent_covered_display": "100", "missing_lines": 0, "excluded_lines": 0, "percent_statements_covered": 100.0, "percent_statements_covered_display": "100"}, "missing_lines": [], "excluded_lines": [], "start_line": 154}, "to_compact": {"executed_lines": [170], "summary": {"covered_lines": 1, "num_statements": 1, "percent_covered": 100.0, "percent_covered_display": "100", "missing_lines": 0, "excluded_lines": 0, "percent_statements_covered": 100.0, "percent_statements_covered_display": "100"}, "missing_lines": [], "excluded_lines": [], "start_line": 168}, "": {"executed_lines": [6, 7, 8, 9, 10, 11, 14, 92, 154, 168], "summary": {"covered_lines": 10, "num_statements": 10, "percent_covered": 100.0, "percent_covered_display": "100", "missing_lines": 0, "excluded_lines": 0, "percent_statements_covered": 100.0, "percent_statements_covered_display": "100"}, "missing_lines": [], "excluded_lines": [], "start_line": 1}}, "classes": {"": {"executed_lines": [6, 7, 8, 9, 10, 11, 14, 17, 20, 21, 22, 29, 31, 32, 33, 35, 43, 50, 51, 52, 53, 54, 55, 57, 61, 69, 75, 76, 77, 79, 80, 81, 82, 89, 92, 154, 156, 157, 158, 159, 160, 165, 168, 170], "summary": {"covered_lines": 44, "num_statements": 72, "percent_covered": 61.111111111111114, "percent_covered_display": "61", "missing_lines": 28, "excluded_lines": 0, "percent_statements_covered": 61.111111111111114, "percent_statements_covered_display": "61"}, "missing_lines": [34, 56, 58, 94, 109, 110, 112, 113, 115, 119, 121, 122, 123, 126, 127, 128, 129, 130, 131, 136, 137, 138, 143, 145, 147, 148, 150, 151], "excluded_lines": [], "start_line": 1}}}, "ast_dsl/python_ast.py": {"executed_lines": [6, 7, 8, 9, 12, 15, 16, 18, 20, 21, 23, 24, 25, 27, 28, 29, 30, 31, 32, 34, 36, 37, 38, 39, 40, 41, 42, 44, 45, 48, 50, 51, 53, 54, 55, 57, 58, 59, 60, 61, 63, 65, 66, 74, 76, 77, 83, 85, 86, 92, 94, 95, 100, 102, 103, 108, 110, 111, 117, 119, 120, 122, 124, 125, 127, 128, 129, 130, 131, 132, 133, 138, 140, 141, 142, 144, 146, 147, 148, 149, 151, 152, 154, 156, 157, 158, 159, 161, 162, 163, 165, 166, 167, 168, 169, 170, 172, 173, 175, 176, 177, 178, 179, 181, 183, 184, 185, 187, 189, 191, 192, 193, 194], "summary": {"covered_lines": 113, "num_statements": 114, "percent_covered": 99.12280701754386, "percent_covered_display": "99", "missing_lines": 1, "excluded_lines": 0, "percent_statements_covered": 99.12280701754386, "percent_statements_covered_display": "99"}, "missing_lines": [174], "excluded_lines": [], "functions": {"PythonASTAnalyzer.__init__": {"executed_lines": [16], "summary": {"covered_lines": 1, "num_statements": 1, "percent_covered": 100.0, "percent_covered_display": "100", "missing_lines": 0, "excluded_lines": 0, "percent_statements_covered": 100.0, "percent_statements_covered_display": "100"}, "missing_lines": [], "excluded_lines": [], "start_line": 15}, "PythonASTAnalyzer.analyze_scopes": {"executed_lines": [20, 21, 23, 24, 27, 34, 36, 44, 45], "summary": {"covered_lines": 9, "num_statements": 9, "percent_covered": 100.0, "percent_covered_display": "100", "missing_lines": 0, "excluded_lines": 0, "percent_statements_covered": 100.0, "percent_statements_covered_display": "100"}, "missing_lines": [], "excluded_lines": [], "start_line": 18}, "PythonASTAnalyzer.analyze_scopes.ScopeVisitor.__init__": {"executed_lines": [25], "summary": {"covered_lines": 1, "num_statements": 1, "percent_covered": 100.0, "percent_covered_display": "100", "missing_lines": 0, "excluded_lines": 0, "percent_statements_covered": 100.0, "percent_statements_covered_display": "100"}, "missing_lines": [], "excluded_lines": [], "start_line": 24}, "PythonASTAnalyzer.analyze_scopes.ScopeVisitor.visit_FunctionDef": {"executed_lines": [28, 29, 30, 31, 32], "summary": {"covered_lines": 5, "num_statements": 5, "percent_covered": 100.0, "percent_covered_display": "100", "missing_lines": 0, "excluded_lines": 0, "percent_statements_covered": 100.0, "percent_statements_covered_display": "100"}, "missing_lines": [], "excluded_lines": [], "start_line": 27}, "PythonASTAnalyzer.analyze_scopes.ScopeVisitor.visit_Name": {"executed_lines": [37, 38, 39, 40, 41, 42], "summary": {"covered_lines": 6, "num_statements": 6, "percent_covered": 100.0, "percent_covered_display": "100", "missing_lines": 0, "excluded_lines": 0, "percent_statements_covered": 100.0, "percent_statements_covered_display": "100"}, "missing_lines": [], "excluded_lines": [], "start_line": 36}, "PythonASTAnalyzer.extract_control_flow": {"executed_lines": [50, 51, 53, 54, 57, 63, 65, 76, 85, 94, 102, 110, 119, 120], "summary": {"covered_lines": 14, "num_statements": 14, "percent_covered": 100.0, "percent_covered_display": "100", "missing_lines": 0, "excluded_lines": 0, "percent_statements_covered": 100.0, "percent_statements_covered_display": "100"}, "missing_lines": [], "excluded_lines": [], "start_line": 48}, "PythonASTAnalyzer.extract_control_flow.CFGVisitor.__init__": {"executed_lines": [55], "summary": {"covered_lines": 1, "num_statements": 1, "percent_covered": 100.0, "percent_covered_display": "100", "missing_lines": 0, "excluded_lines": 0, "percent_statements_covered": 100.0, "percent_statements_covered_display": "100"}, "missing_lines": [], "excluded_lines": [], "start_line": 54}, "PythonASTAnalyzer.extract_control_flow.CFGVisitor.visit_FunctionDef": {"executed_lines": [58, 59, 60, 61], "summary": {"covered_lines": 4, "num_statements": 4, "percent_covered": 100.0, "percent_covered_display": "100", "missing_lines": 0, "excluded_lines": 0, "percent_statements_covered": 100.0, "percent_statements_covered_display": "100"}, "missing_lines": [], "excluded_lines": [], "start_line": 57}, "PythonASTAnalyzer.extract_control_flow.CFGVisitor.visit_If": {"executed_lines": [66, 74], "summary": {"covered_lines": 2, "num_statements": 2, "percent_covered": 100.0, "percent_covered_display": "100", "missing_lines": 0, "excluded_lines": 0, "percent_statements_covered": 100.0, "percent_statements_covered_display": "100"}, "missing_lines": [], "excluded_lines": [], "start_line": 65}, "PythonASTAnalyzer.extract_control_flow.CFGVisitor.visit_For": {"executed_lines": [77, 83], "summary": {"covered_lines": 2, "num_statements": 2, "percent_covered": 100.0, "percent_covered_display": "100", "missing_lines": 0, "excluded_lines": 0, "percent_statements_covered": 100.0, "percent_statements_covered_display": "100"}, "missing_lines": [], "excluded_lines": [], "start_line": 76}, "PythonASTAnalyzer.extract_control_flow.CFGVisitor.visit_While": {"executed_lines": [86, 92], "summary": {"covered_lines": 2, "num_statements": 2, "percent_covered": 100.0, "percent_covered_display": "100", "missing_lines": 0, "excluded_lines": 0, "percent_statements_covered": 100.0, "percent_statements_covered_display": "100"}, "missing_lines": [], "excluded_lines": [], "start_line": 85}, "PythonASTAnalyzer.extract_control_flow.CFGVisitor.visit_Return": {"executed_lines": [95, 100], "summary": {"covered_lines": 2, "num_statements": 2, "percent_covered": 100.0, "percent_covered_display": "100", "missing_lines": 0, "excluded_lines": 0, "percent_statements_covered": 100.0, "percent_statements_covered_display": "100"}, "missing_lines": [], "excluded_lines": [], "start_line": 94}, "PythonASTAnalyzer.extract_control_flow.CFGVisitor.visit_Raise": {"executed_lines": [103, 108], "summary": {"covered_lines": 2, "num_statements": 2, "percent_covered": 100.0, "percent_covered_display": "100", "missing_lines": 0, "excluded_lines": 0, "percent_statements_covered": 100.0, "percent_statements_covered_display": "100"}, "missing_lines": [], "excluded_lines": [], "start_line": 102}, "PythonASTAnalyzer.extract_control_flow.CFGVisitor.visit_Try": {"executed_lines": [111, 117], "summary": {"covered_lines": 2, "num_statements": 2, "percent_covered": 100.0, "percent_covered_display": "100", "missing_lines": 0, "excluded_lines": 0, "percent_statements_covered": 100.0, "percent_statements_covered_display": "100"}, "missing_lines": [], "excluded_lines": [], "start_line": 110}, "PythonASTAnalyzer.find_dead_code": {"executed_lines": [124, 125, 127, 128, 140, 144, 146, 151, 152], "summary": {"covered_lines": 9, "num_statements": 9, "percent_covered": 100.0, "percent_covered_display": "100", "missing_lines": 0, "excluded_lines": 0, "percent_statements_covered": 100.0, "percent_statements_covered_display": "100"}, "missing_lines": [], "excluded_lines": [], "start_line": 122}, "PythonASTAnalyzer.find_dead_code.DeadCodeVisitor._check_body": {"executed_lines": [129, 130, 131, 132, 133, 138], "summary": {"covered_lines": 6, "num_statements": 6, "percent_covered": 100.0, "percent_covered_display": "100", "missing_lines": 0, "excluded_lines": 0, "percent_statements_covered": 100.0, "percent_statements_covered_display": "100"}, "missing_lines": [], "excluded_lines": [], "start_line": 128}, "PythonASTAnalyzer.find_dead_code.DeadCodeVisitor.visit_FunctionDef": {"executed_lines": [141, 142], "summary": {"covered_lines": 2, "num_statements": 2, "percent_covered": 100.0, "percent_covered_display": "100", "missing_lines": 0, "excluded_lines": 0, "percent_statements_covered": 100.0, "percent_statements_covered_display": "100"}, "missing_lines": [], "excluded_lines": [], "start_line": 140}, "PythonASTAnalyzer.find_dead_code.DeadCodeVisitor.visit_If": {"executed_lines": [147, 148, 149], "summary": {"covered_lines": 3, "num_statements": 3, "percent_covered": 100.0, "percent_covered_display": "100", "missing_lines": 0, "excluded_lines": 0, "percent_statements_covered": 100.0, "percent_statements_covered_display": "100"}, "missing_lines": [], "excluded_lines": [], "start_line": 146}, "PythonASTAnalyzer.generate_test_stubs": {"executed_lines": [156, 157, 158, 159, 161, 162, 165, 172, 189, 191, 192, 193, 194], "summary": {"covered_lines": 13, "num_statements": 13, "percent_covered": 100.0, "percent_covered_display": "100", "missing_lines": 0, "excluded_lines": 0, "percent_statements_covered": 100.0, "percent_statements_covered_display": "100"}, "missing_lines": [], "excluded_lines": [], "start_line": 154}, "PythonASTAnalyzer.generate_test_stubs.StubGen.__init__": {"executed_lines": [163], "summary": {"covered_lines": 1, "num_statements": 1, "percent_covered": 100.0, "percent_covered_display": "100", "missing_lines": 0, "excluded_lines": 0, "percent_statements_covered": 100.0, "percent_statements_covered_display": "100"}, "missing_lines": [], "excluded_lines": [], "start_line": 162}, "PythonASTAnalyzer.generate_test_stubs.StubGen.visit_ClassDef": {"executed_lines": [166, 167, 168, 169, 170], "summary": {"covered_lines": 5, "num_statements": 5, "percent_covered": 100.0, "percent_covered_display": "100", "missing_lines": 0, "excluded_lines": 0, "percent_statements_covered": 100.0, "percent_statements_covered_display": "100"}, "missing_lines": [], "excluded_lines": [], "start_line": 165}, "PythonASTAnalyzer.generate_test_stubs.StubGen.visit_FunctionDef": {"executed_lines": [173, 175, 176, 177, 178, 179, 181, 183, 184, 185, 187], "summary": {"covered_lines": 11, "num_statements": 12, "percent_covered": 91.66666666666667, "percent_covered_display": "92", "missing_lines": 1, "excluded_lines": 0, "percent_statements_covered": 91.66666666666667, "percent_statements_covered_display": "92"}, "missing_lines": [174], "excluded_lines": [], "start_line": 172}, "": {"executed_lines": [6, 7, 8, 9, 12, 15, 18, 48, 122, 154], "summary": {"covered_lines": 10, "num_statements": 10, "percent_covered": 100.0, "percent_covered_display": "100", "missing_lines": 0, "excluded_lines": 0, "percent_statements_covered": 100.0, "percent_statements_covered_display": "100"}, "missing_lines": [], "excluded_lines": [], "start_line": 1}}, "classes": {"PythonASTAnalyzer": {"executed_lines": [16, 20, 21, 23, 24, 27, 34, 36, 44, 45, 50, 51, 53, 54, 57, 63, 65, 76, 85, 94, 102, 110, 119, 120, 124, 125, 127, 128, 140, 144, 146, 151, 152, 156, 157, 158, 159, 161, 162, 165, 172, 189, 191, 192, 193, 194], "summary": {"covered_lines": 46, "num_statements": 46, "percent_covered": 100.0, "percent_covered_display": "100", "missing_lines": 0, "excluded_lines": 0, "percent_statements_covered": 100.0, "percent_statements_covered_display": "100"}, "missing_lines": [], "excluded_lines": [], "start_line": 12}, "PythonASTAnalyzer.analyze_scopes.ScopeVisitor": {"executed_lines": [25, 28, 29, 30, 31, 32, 37, 38, 39, 40, 41, 42], "summary": {"covered_lines": 12, "num_statements": 12, "percent_covered": 100.0, "percent_covered_display": "100", "missing_lines": 0, "excluded_lines": 0, "percent_statements_covered": 100.0, "percent_statements_covered_display": "100"}, "missing_lines": [], "excluded_lines": [], "start_line": 23}, "PythonASTAnalyzer.extract_control_flow.CFGVisitor": {"executed_lines": [55, 58, 59, 60, 61, 66, 74, 77, 83, 86, 92, 95, 100, 103, 108, 111, 117], "summary": {"covered_lines": 17, "num_statements": 17, "percent_covered": 100.0, "percent_covered_display": "100", "missing_lines": 0, "excluded_lines": 0, "percent_statements_covered": 100.0, "percent_statements_covered_display": "100"}, "missing_lines": [], "excluded_lines": [], "start_line": 53}, "PythonASTAnalyzer.find_dead_code.DeadCodeVisitor": {"executed_lines": [129, 130, 131, 132, 133, 138, 141, 142, 147, 148, 149], "summary": {"covered_lines": 11, "num_statements": 11, "percent_covered": 100.0, "percent_covered_display": "100", "missing_lines": 0, "excluded_lines": 0, "percent_statements_covered": 100.0, "percent_statements_covered_display": "100"}, "missing_lines": [], "excluded_lines": [], "start_line": 127}, "PythonASTAnalyzer.generate_test_stubs.StubGen": {"executed_lines": [163, 166, 167, 168, 169, 170, 173, 175, 176, 177, 178, 179, 181, 183, 184, 185, 187], "summary": {"covered_lines": 17, "num_statements": 18, "percent_covered": 94.44444444444444, "percent_covered_display": "94", "missing_lines": 1, "excluded_lines": 0, "percent_statements_covered": 94.44444444444444, "percent_statements_covered_display": "94"}, "missing_lines": [174], "excluded_lines": [], "start_line": 161}, "": {"executed_lines": [6, 7, 8, 9, 12, 15, 18, 48, 122, 154], "summary": {"covered_lines": 10, "num_statements": 10, "percent_covered": 100.0, "percent_covered_display": "100", "missing_lines": 0, "excluded_lines": 0, "percent_statements_covered": 100.0, "percent_statements_covered_display": "100"}, "missing_lines": [], "excluded_lines": [], "start_line": 1}}}, "ast_dsl/reactive.py": {"executed_lines": [8, 9, 10, 11, 12, 13, 15, 18, 20, 21, 22, 23, 24, 25, 28, 29, 31, 32, 33, 34, 35, 36, 38, 39, 40, 41, 43, 45, 46, 47, 48, 49, 50, 51, 52, 53, 54, 55, 57, 58, 59, 60, 61, 64, 65, 67, 68, 69, 70, 71, 72, 73, 74, 76, 77, 88, 90, 98, 113, 114, 115, 120, 122, 123, 124, 126, 128, 129, 131, 138, 139, 140, 142, 149, 150, 153, 155, 157, 158, 159, 160, 162, 169, 172, 173, 176, 177, 181, 188, 190, 192, 194, 196, 197, 198, 200, 207, 208, 213, 221, 223, 232, 239, 243, 254, 258, 259, 261, 263], "summary": {"covered_lines": 109, "num_statements": 109, "percent_covered": 100.0, "percent_covered_display": "100", "missing_lines": 0, "excluded_lines": 0, "percent_statements_covered": 100.0, "percent_statements_covered_display": "100"}, "missing_lines": [], "excluded_lines": [], "functions": {"CueSignal.to_dict": {"executed_lines": [39, 40, 41], "summary": {"covered_lines": 3, "num_statements": 3, "percent_covered": 100.0, "percent_covered_display": "100", "missing_lines": 0, "excluded_lines": 0, "percent_statements_covered": 100.0, "percent_statements_covered_display": "100"}, "missing_lines": [], "excluded_lines": [], "start_line": 38}, "CueSignal.to_compact": {"executed_lines": [45, 46, 47, 48, 49, 50, 51, 52, 53, 54, 55], "summary": {"covered_lines": 11, "num_statements": 11, "percent_covered": 100.0, "percent_covered_display": "100", "missing_lines": 0, "excluded_lines": 0, "percent_statements_covered": 100.0, "percent_statements_covered_display": "100"}, "missing_lines": [], "excluded_lines": [], "start_line": 43}, "CueSignal.from_dict": {"executed_lines": [59, 60, 61], "summary": {"covered_lines": 3, "num_statements": 3, "percent_covered": 100.0, "percent_covered_display": "100", "missing_lines": 0, "excluded_lines": 0, "percent_statements_covered": 100.0, "percent_statements_covered_display": "100"}, "missing_lines": [], "excluded_lines": [], "start_line": 58}, "AgentState.to_dict": {"executed_lines": [77], "summary": {"covered_lines": 1, "num_statements": 1, "percent_covered": 100.0, "percent_covered_display": "100", "missing_lines": 0, "excluded_lines": 0, "percent_statements_covered": 100.0, "percent_statements_covered_display": "100"}, "missing_lines": [], "excluded_lines": [], "start_line": 76}, "AgentState.to_compact": {"executed_lines": [90], "summary": {"covered_lines": 1, "num_statements": 1, "percent_covered": 100.0, "percent_covered_display": "100", "missing_lines": 0, "excluded_lines": 0, "percent_statements_covered": 100.0, "percent_statements_covered_display": "100"}, "missing_lines": [], "excluded_lines": [], "start_line": 88}, "ReactiveProtocol.__init__": {"executed_lines": [114, 115, 120], "summary": {"covered_lines": 3, "num_statements": 3, "percent_covered": 100.0, "percent_covered_display": "100", "missing_lines": 0, "excluded_lines": 0, "percent_statements_covered": 100.0, "percent_statements_covered_display": "100"}, "missing_lines": [], "excluded_lines": [], "start_line": 113}, "ReactiveProtocol._next_seq": {"executed_lines": [123, 124], "summary": {"covered_lines": 2, "num_statements": 2, "percent_covered": 100.0, "percent_covered_display": "100", "missing_lines": 0, "excluded_lines": 0, "percent_statements_covered": 100.0, "percent_statements_covered_display": "100"}, "missing_lines": [], "excluded_lines": [], "start_line": 122}, "ReactiveProtocol.process_cue": {"executed_lines": [128, 129, 131, 138, 139, 140, 142, 149, 150, 153], "summary": {"covered_lines": 10, "num_statements": 10, "percent_covered": 100.0, "percent_covered_display": "100", "missing_lines": 0, "excluded_lines": 0, "percent_statements_covered": 100.0, "percent_statements_covered_display": "100"}, "missing_lines": [], "excluded_lines": [], "start_line": 126}, "ReactiveProtocol._handle_query": {"executed_lines": [157, 158, 159, 160, 162, 169, 172, 173, 176, 177, 181, 188], "summary": {"covered_lines": 12, "num_statements": 12, "percent_covered": 100.0, "percent_covered_display": "100", "missing_lines": 0, "excluded_lines": 0, "percent_statements_covered": 100.0, "percent_statements_covered_display": "100"}, "missing_lines": [], "excluded_lines": [], "start_line": 155}, "ReactiveProtocol._handle_refine": {"executed_lines": [192], "summary": {"covered_lines": 1, "num_statements": 1, "percent_covered": 100.0, "percent_covered_display": "100", "missing_lines": 0, "excluded_lines": 0, "percent_statements_covered": 100.0, "percent_statements_covered_display": "100"}, "missing_lines": [], "excluded_lines": [], "start_line": 190}, "ReactiveProtocol._handle_transform": {"executed_lines": [196, 197, 198, 200, 207, 208, 213], "summary": {"covered_lines": 7, "num_statements": 7, "percent_covered": 100.0, "percent_covered_display": "100", "missing_lines": 0, "excluded_lines": 0, "percent_statements_covered": 100.0, "percent_statements_covered_display": "100"}, "missing_lines": [], "excluded_lines": [], "start_line": 194}, "ReactiveProtocol._handle_synthesize": {"executed_lines": [223, 232], "summary": {"covered_lines": 2, "num_statements": 2, "percent_covered": 100.0, "percent_covered_display": "100", "missing_lines": 0, "excluded_lines": 0, "percent_statements_covered": 100.0, "percent_statements_covered_display": "100"}, "missing_lines": [], "excluded_lines": [], "start_line": 221}, "ReactiveProtocol.create_query_cue": {"executed_lines": [243], "summary": {"covered_lines": 1, "num_statements": 1, "percent_covered": 100.0, "percent_covered_display": "100", "missing_lines": 0, "excluded_lines": 0, "percent_statements_covered": 100.0, "percent_statements_covered_display": "100"}, "missing_lines": [], "excluded_lines": [], "start_line": 239}, "ReactiveProtocol.run_query": {"executed_lines": [258, 259], "summary": {"covered_lines": 2, "num_statements": 2, "percent_covered": 100.0, "percent_covered_display": "100", "missing_lines": 0, "excluded_lines": 0, "percent_statements_covered": 100.0, "percent_statements_covered_display": "100"}, "missing_lines": [], "excluded_lines": [], "start_line": 254}, "ReactiveProtocol.get_session_log": {"executed_lines": [263], "summary": {"covered_lines": 1, "num_statements": 1, "percent_covered": 100.0, "percent_covered_display": "100", "missing_lines": 0, "excluded_lines": 0, "percent_statements_covered": 100.0, "percent_statements_covered_display": "100"}, "missing_lines": [], "excluded_lines": [], "start_line": 261}, "": {"executed_lines": [8, 9, 10, 11, 12, 13, 15, 18, 20, 21, 22, 23, 24, 25, 28, 29, 31, 32, 33, 34, 35, 36, 38, 43, 57, 58, 64, 65, 67, 68, 69, 70, 71, 72, 73, 74, 76, 88, 98, 113, 122, 126, 155, 190, 194, 221, 239, 254, 261], "summary": {"covered_lines": 49, "num_statements": 49, "percent_covered": 100.0, "percent_covered_display": "100", "missing_lines": 0, "excluded_lines": 0, "percent_statements_covered": 100.0, "percent_statements_covered_display": "100"}, "missing_lines": [], "excluded_lines": [], "start_line": 1}}, "classes": {"CueType": {"executed_lines": [], "summary": {"covered_lines": 0, "num_statements": 0, "percent_covered": 100.0, "percent_covered_display": "100", "missing_lines": 0, "excluded_lines": 0, "percent_statements_covered": 100.0, "percent_statements_covered_display": "100"}, "missing_lines": [], "excluded_lines": [], "start_line": 18}, "CueSignal": {"executed_lines": [39, 40, 41, 45, 46, 47, 48, 49, 50, 51, 52, 53, 54, 55, 59, 60, 61], "summary": {"covered_lines": 17, "num_statements": 17, "percent_covered": 100.0, "percent_covered_display": "100", "missing_lines": 0, "excluded_lines": 0, "percent_statements_covered": 100.0, "percent_statements_covered_display": "100"}, "missing_lines": [], "excluded_lines": [], "start_line": 29}, "AgentState": {"executed_lines": [77, 90], "summary": {"covered_lines": 2, "num_statements": 2, "percent_covered": 100.0, "percent_covered_display": "100", "missing_lines": 0, "excluded_lines": 0, "percent_statements_covered": 100.0, "percent_statements_covered_display": "100"}, "missing_lines": [], "excluded_lines": [], "start_line": 65}, "ReactiveProtocol": {"executed_lines": [114, 115, 120, 123, 124, 128, 129, 131, 138, 139, 140, 142, 149, 150, 153, 157, 158, 159, 160, 162, 169, 172, 173, 176, 177, 181, 188, 192, 196, 197, 198, 200, 207, 208, 213, 223, 232, 243, 258, 259, 263], "summary": {"covered_lines": 41, "num_statements": 41, "percent_covered": 100.0, "percent_covered_display": "100", "missing_lines": 0, "excluded_lines": 0, "percent_statements_covered": 100.0, "percent_statements_covered_display": "100"}, "missing_lines": [], "excluded_lines": [], "start_line": 98}, "": {"executed_lines": [8, 9, 10, 11, 12, 13, 15, 18, 20, 21, 22, 23, 24, 25, 28, 29, 31, 32, 33, 34, 35, 36, 38, 43, 57, 58, 64, 65, 67, 68, 69, 70, 71, 72, 73, 74, 76, 88, 98, 113, 122, 126, 155, 190, 194, 221, 239, 254, 261], "summary": {"covered_lines": 49, "num_statements": 49, "percent_covered": 100.0, "percent_covered_display": "100", "missing_lines": 0, "excluded_lines": 0, "percent_statements_covered": 100.0, "percent_statements_covered_display": "100"}, "missing_lines": [], "excluded_lines": [], "start_line": 1}}}, "ast_dsl/rust_ast.py": {"executed_lines": [6, 7, 8, 9, 10, 13, 16, 19, 20, 21, 28, 29, 30, 37, 41, 42, 43, 44, 45, 46, 54, 56, 57, 58, 59, 60, 68, 70, 71, 78, 82, 83, 84, 85, 87, 95, 100, 101, 102, 104, 105, 106, 107, 108, 109, 110, 111, 118, 121, 142, 144, 145, 146, 147, 148, 153, 156, 158], "summary": {"covered_lines": 58, "num_statements": 69, "percent_covered": 84.05797101449275, "percent_covered_display": "84", "missing_lines": 11, "excluded_lines": 0, "percent_statements_covered": 84.05797101449275, "percent_statements_covered_display": "84"}, "missing_lines": [86, 123, 124, 129, 130, 131, 134, 135, 136, 138, 139], "excluded_lines": [], "functions": {"parse_rust_source": {"executed_lines": [16, 19, 20, 21, 28, 29, 30, 37, 41, 42, 43, 44, 45, 46, 54, 56, 57, 58, 59, 60, 68, 70, 71, 78, 82, 83, 84, 85, 87, 95, 100, 101, 102, 104, 105, 106, 107, 108, 109, 110, 111, 118], "summary": {"covered_lines": 42, "num_statements": 43, "percent_covered": 97.67441860465117, "percent_covered_display": "98", "missing_lines": 1, "excluded_lines": 0, "percent_statements_covered": 97.67441860465117, "percent_statements_covered_display": "98"}, "missing_lines": [86], "excluded_lines": [], "start_line": 13}, "parse_rust_with_rustc": {"executed_lines": [], "summary": {"covered_lines": 0, "num_statements": 10, "percent_covered": 0.0, "percent_covered_display": "0", "missing_lines": 10, "excluded_lines": 0, "percent_statements_covered": 0.0, "percent_statements_covered_display": "0"}, "missing_lines": [123, 124, 129, 130, 131, 134, 135, 136, 138, 139], "excluded_lines": [], "start_line": 121}, "find_rust_symbols": {"executed_lines": [144, 145, 146, 147, 148, 153], "summary": {"covered_lines": 6, "num_statements": 6, "percent_covered": 100.0, "percent_covered_display": "100", "missing_lines": 0, "excluded_lines": 0, "percent_statements_covered": 100.0, "percent_statements_covered_display": "100"}, "missing_lines": [], "excluded_lines": [], "start_line": 142}, "to_compact": {"executed_lines": [158], "summary": {"covered_lines": 1, "num_statements": 1, "percent_covered": 100.0, "percent_covered_display": "100", "missing_lines": 0, "excluded_lines": 0, "percent_statements_covered": 100.0, "percent_statements_covered_display": "100"}, "missing_lines": [], "excluded_lines": [], "start_line": 156}, "": {"executed_lines": [6, 7, 8, 9, 10, 13, 121, 142, 156], "summary": {"covered_lines": 9, "num_statements": 9, "percent_covered": 100.0, "percent_covered_display": "100", "missing_lines": 0, "excluded_lines": 0, "percent_statements_covered": 100.0, "percent_statements_covered_display": "100"}, "missing_lines": [], "excluded_lines": [], "start_line": 1}}, "classes": {"": {"executed_lines": [6, 7, 8, 9, 10, 13, 16, 19, 20, 21, 28, 29, 30, 37, 41, 42, 43, 44, 45, 46, 54, 56, 57, 58, 59, 60, 68, 70, 71, 78, 82, 83, 84, 85, 87, 95, 100, 101, 102, 104, 105, 106, 107, 108, 109, 110, 111, 118, 121, 142, 144, 145, 146, 147, 148, 153, 156, 158], "summary": {"covered_lines": 58, "num_statements": 69, "percent_covered": 84.05797101449275, "percent_covered_display": "84", "missing_lines": 11, "excluded_lines": 0, "percent_statements_covered": 84.05797101449275, "percent_statements_covered_display": "84"}, "missing_lines": [86, 123, 124, 129, 130, 131, 134, 135, 136, 138, 139], "excluded_lines": [], "start_line": 1}}}, "simulator/__init__.py": {"executed_lines": [], "summary": {"covered_lines": 0, "num_statements": 0, "percent_covered": 100.0, "percent_covered_display": "100", "missing_lines": 0, "excluded_lines": 0, "percent_statements_covered": 100.0, "percent_statements_covered_display": "100"}, "missing_lines": [], "excluded_lines": [], "functions": {"": {"executed_lines": [], "summary": {"covered_lines": 0, "num_statements": 0, "percent_covered": 100.0, "percent_covered_display": "100", "missing_lines": 0, "excluded_lines": 0, "percent_statements_covered": 100.0, "percent_statements_covered_display": "100"}, "missing_lines": [], "excluded_lines": [], "start_line": 1}}, "classes": {"": {"executed_lines": [], "summary": {"covered_lines": 0, "num_statements": 0, "percent_covered": 100.0, "percent_covered_display": "100", "missing_lines": 0, "excluded_lines": 0, "percent_statements_covered": 100.0, "percent_statements_covered_display": "100"}, "missing_lines": [], "excluded_lines": [], "start_line": 1}}}, "simulator/atomic.py": {"executed_lines": [7, 8, 9, 10, 12, 17, 21, 46, 47, 49, 50, 51, 53, 54, 55, 57, 58, 59, 61, 63, 64, 65, 66, 68, 70, 71, 72, 73, 76, 77, 79, 80, 81, 82, 83, 84, 85, 86, 87, 89, 91, 92, 93, 95, 96, 97, 98, 100, 101, 103, 104, 106, 108, 110, 111, 112, 113, 114, 115, 120, 121, 123, 125, 126, 127, 128, 129, 133, 135, 136, 137, 138, 140, 141, 142, 143, 145, 146, 147, 148, 150, 151, 152, 154, 155, 156, 157, 158, 160, 161, 163, 164, 165, 166, 168, 169, 170, 171, 172, 174, 175, 176, 178, 180, 181, 182, 183, 184, 185, 187, 189, 190, 191, 192, 194, 196, 197, 198, 199, 200, 202, 204, 205, 206, 207, 210, 212, 214, 215, 217, 220, 222, 224, 228, 229, 230, 231, 232, 234, 235, 239, 242, 243, 244, 245, 246, 247, 249, 251, 252, 254, 255, 257, 260, 261, 263, 264, 270, 271, 273, 274, 275, 276, 278, 280, 285, 289, 290, 295, 296, 297, 298, 301, 302, 307, 308, 310, 312, 317, 320, 321, 323, 326, 340, 341, 342, 358, 359, 360, 374, 376, 378, 381, 382, 384, 385, 388, 389, 390, 391, 395, 400, 402, 404, 405, 407, 408, 410, 411, 412, 413, 414, 415, 416, 419, 421, 423, 425, 426, 427, 428, 429, 431, 432, 433, 434], "summary": {"covered_lines": 226, "num_statements": 258, "percent_covered": 87.59689922480621, "percent_covered_display": "88", "missing_lines": 32, "excluded_lines": 0, "percent_statements_covered": 87.59689922480621, "percent_statements_covered_display": "88"}, "missing_lines": [208, 216, 218, 233, 262, 327, 328, 329, 331, 336, 337, 343, 344, 345, 346, 348, 353, 354, 361, 362, 363, 364, 366, 371, 372, 379, 393, 396, 397, 398, 399, 417], "excluded_lines": [], "functions": {"ElectronShell.full": {"executed_lines": [55], "summary": {"covered_lines": 1, "num_statements": 1, "percent_covered": 100.0, "percent_covered_display": "100", "missing_lines": 0, "excluded_lines": 0, "percent_statements_covered": 100.0, "percent_statements_covered_display": "100"}, "missing_lines": [], "excluded_lines": [], "start_line": 54}, "ElectronShell.empty": {"executed_lines": [59], "summary": {"covered_lines": 1, "num_statements": 1, "percent_covered": 100.0, "percent_covered_display": "100", "missing_lines": 0, "excluded_lines": 0, "percent_statements_covered": 100.0, "percent_statements_covered_display": "100"}, "missing_lines": [], "excluded_lines": [], "start_line": 58}, "ElectronShell.add_electron": {"executed_lines": [63, 64, 65, 66], "summary": {"covered_lines": 4, "num_statements": 4, "percent_covered": 100.0, "percent_covered_display": "100", "missing_lines": 0, "excluded_lines": 0, "percent_statements_covered": 100.0, "percent_statements_covered_display": "100"}, "missing_lines": [], "excluded_lines": [], "start_line": 61}, "ElectronShell.remove_electron": {"executed_lines": [70, 71, 72, 73], "summary": {"covered_lines": 4, "num_statements": 4, "percent_covered": 100.0, "percent_covered_display": "100", "missing_lines": 0, "excluded_lines": 0, "percent_statements_covered": 100.0, "percent_statements_covered_display": "100"}, "missing_lines": [], "excluded_lines": [], "start_line": 68}, "Atom.__post_init__": {"executed_lines": [92, 93, 95, 96, 97, 98, 100, 101, 103, 104, 106], "summary": {"covered_lines": 11, "num_statements": 11, "percent_covered": 100.0, "percent_covered_display": "100", "missing_lines": 0, "excluded_lines": 0, "percent_statements_covered": 100.0, "percent_statements_covered_display": "100"}, "missing_lines": [], "excluded_lines": [], "start_line": 91}, "Atom._build_shells": {"executed_lines": [110, 111, 112, 113, 114, 115, 120, 121], "summary": {"covered_lines": 8, "num_statements": 8, "percent_covered": 100.0, "percent_covered_display": "100", "missing_lines": 0, "excluded_lines": 0, "percent_statements_covered": 100.0, "percent_statements_covered_display": "100"}, "missing_lines": [], "excluded_lines": [], "start_line": 108}, "Atom._compute_ionization_energy": {"executed_lines": [125, 126, 127, 128, 129, 133], "summary": {"covered_lines": 6, "num_statements": 6, "percent_covered": 100.0, "percent_covered_display": "100", "missing_lines": 0, "excluded_lines": 0, "percent_statements_covered": 100.0, "percent_statements_covered_display": "100"}, "missing_lines": [], "excluded_lines": [], "start_line": 123}, "Atom.symbol": {"executed_lines": [137, 138], "summary": {"covered_lines": 2, "num_statements": 2, "percent_covered": 100.0, "percent_covered_display": "100", "missing_lines": 0, "excluded_lines": 0, "percent_statements_covered": 100.0, "percent_statements_covered_display": "100"}, "missing_lines": [], "excluded_lines": [], "start_line": 136}, "Atom.name": {"executed_lines": [142, 143], "summary": {"covered_lines": 2, "num_statements": 2, "percent_covered": 100.0, "percent_covered_display": "100", "missing_lines": 0, "excluded_lines": 0, "percent_statements_covered": 100.0, "percent_statements_covered_display": "100"}, "missing_lines": [], "excluded_lines": [], "start_line": 141}, "Atom.electronegativity": {"executed_lines": [147, 148], "summary": {"covered_lines": 2, "num_statements": 2, "percent_covered": 100.0, "percent_covered_display": "100", "missing_lines": 0, "excluded_lines": 0, "percent_statements_covered": 100.0, "percent_statements_covered_display": "100"}, "missing_lines": [], "excluded_lines": [], "start_line": 146}, "Atom.charge": {"executed_lines": [152], "summary": {"covered_lines": 1, "num_statements": 1, "percent_covered": 100.0, "percent_covered_display": "100", "missing_lines": 0, "excluded_lines": 0, "percent_statements_covered": 100.0, "percent_statements_covered_display": "100"}, "missing_lines": [], "excluded_lines": [], "start_line": 151}, "Atom.valence_electrons": {"executed_lines": [156, 157, 158], "summary": {"covered_lines": 3, "num_statements": 3, "percent_covered": 100.0, "percent_covered_display": "100", "missing_lines": 0, "excluded_lines": 0, "percent_statements_covered": 100.0, "percent_statements_covered_display": "100"}, "missing_lines": [], "excluded_lines": [], "start_line": 155}, "Atom.needs_electrons": {"executed_lines": [163, 164, 165, 166], "summary": {"covered_lines": 4, "num_statements": 4, "percent_covered": 100.0, "percent_covered_display": "100", "missing_lines": 0, "excluded_lines": 0, "percent_statements_covered": 100.0, "percent_statements_covered_display": "100"}, "missing_lines": [], "excluded_lines": [], "start_line": 161}, "Atom.is_noble_gas": {"executed_lines": [170, 171, 172], "summary": {"covered_lines": 3, "num_statements": 3, "percent_covered": 100.0, "percent_covered_display": "100", "missing_lines": 0, "excluded_lines": 0, "percent_statements_covered": 100.0, "percent_statements_covered_display": "100"}, "missing_lines": [], "excluded_lines": [], "start_line": 169}, "Atom.is_ion": {"executed_lines": [176], "summary": {"covered_lines": 1, "num_statements": 1, "percent_covered": 100.0, "percent_covered_display": "100", "missing_lines": 0, "excluded_lines": 0, "percent_statements_covered": 100.0, "percent_statements_covered_display": "100"}, "missing_lines": [], "excluded_lines": [], "start_line": 175}, "Atom.ionize": {"executed_lines": [180, 181, 182, 183, 184, 185], "summary": {"covered_lines": 6, "num_statements": 6, "percent_covered": 100.0, "percent_covered_display": "100", "missing_lines": 0, "excluded_lines": 0, "percent_statements_covered": 100.0, "percent_statements_covered_display": "100"}, "missing_lines": [], "excluded_lines": [], "start_line": 178}, "Atom.capture_electron": {"executed_lines": [189, 190, 191, 192], "summary": {"covered_lines": 4, "num_statements": 4, "percent_covered": 100.0, "percent_covered_display": "100", "missing_lines": 0, "excluded_lines": 0, "percent_statements_covered": 100.0, "percent_statements_covered_display": "100"}, "missing_lines": [], "excluded_lines": [], "start_line": 187}, "Atom.can_bond_with": {"executed_lines": [196, 197, 198, 199, 200], "summary": {"covered_lines": 5, "num_statements": 5, "percent_covered": 100.0, "percent_covered_display": "100", "missing_lines": 0, "excluded_lines": 0, "percent_statements_covered": 100.0, "percent_statements_covered_display": "100"}, "missing_lines": [], "excluded_lines": [], "start_line": 194}, "Atom.bond_type": {"executed_lines": [204, 205, 206, 207, 210], "summary": {"covered_lines": 5, "num_statements": 6, "percent_covered": 83.33333333333333, "percent_covered_display": "83", "missing_lines": 1, "excluded_lines": 0, "percent_statements_covered": 83.33333333333333, "percent_statements_covered_display": "83"}, "missing_lines": [208], "excluded_lines": [], "start_line": 202}, "Atom.bond_energy": {"executed_lines": [214, 215, 217, 220], "summary": {"covered_lines": 4, "num_statements": 6, "percent_covered": 66.66666666666667, "percent_covered_display": "67", "missing_lines": 2, "excluded_lines": 0, "percent_statements_covered": 66.66666666666667, "percent_statements_covered_display": "67"}, "missing_lines": [216, 218], "excluded_lines": [], "start_line": 212}, "Atom.distance_to": {"executed_lines": [224], "summary": {"covered_lines": 1, "num_statements": 1, "percent_covered": 100.0, "percent_covered_display": "100", "missing_lines": 0, "excluded_lines": 0, "percent_statements_covered": 100.0, "percent_statements_covered_display": "100"}, "missing_lines": [], "excluded_lines": [], "start_line": 222}, "Atom.to_compact": {"executed_lines": [229, 230, 231, 232, 234, 235], "summary": {"covered_lines": 6, "num_statements": 7, "percent_covered": 85.71428571428571, "percent_covered_display": "86", "missing_lines": 1, "excluded_lines": 0, "percent_statements_covered": 85.71428571428571, "percent_statements_covered_display": "86"}, "missing_lines": [233], "excluded_lines": [], "start_line": 228}, "AtomicSystem.__init__": {"executed_lines": [243, 244, 245, 246, 247], "summary": {"covered_lines": 5, "num_statements": 5, "percent_covered": 100.0, "percent_covered_display": "100", "missing_lines": 0, "excluded_lines": 0, "percent_statements_covered": 100.0, "percent_statements_covered_display": "100"}, "missing_lines": [], "excluded_lines": [], "start_line": 242}, "AtomicSystem.recombination": {"executed_lines": [251, 252, 254, 255, 257, 260, 261, 263, 264, 270, 271, 273, 274, 275, 276, 278], "summary": {"covered_lines": 16, "num_statements": 17, "percent_covered": 94.11764705882354, "percent_covered_display": "94", "missing_lines": 1, "excluded_lines": 0, "percent_statements_covered": 94.11764705882354, "percent_statements_covered_display": "94"}, "missing_lines": [262], "excluded_lines": [], "start_line": 249}, "AtomicSystem.nucleosynthesis": {"executed_lines": [285, 289, 290, 295, 296, 297, 298, 301, 302, 307, 308, 310], "summary": {"covered_lines": 12, "num_statements": 12, "percent_covered": 100.0, "percent_covered_display": "100", "missing_lines": 0, "excluded_lines": 0, "percent_statements_covered": 100.0, "percent_statements_covered_display": "100"}, "missing_lines": [], "excluded_lines": [], "start_line": 280}, "AtomicSystem.stellar_nucleosynthesis": {"executed_lines": [317, 320, 321, 323, 326, 340, 341, 342, 358, 359, 360, 374], "summary": {"covered_lines": 12, "num_statements": 32, "percent_covered": 37.5, "percent_covered_display": "38", "missing_lines": 20, "excluded_lines": 0, "percent_statements_covered": 37.5, "percent_statements_covered_display": "38"}, "missing_lines": [327, 328, 329, 331, 336, 337, 343, 344, 345, 346, 348, 353, 354, 361, 362, 363, 364, 366, 371, 372], "excluded_lines": [], "start_line": 312}, "AtomicSystem.attempt_bond": {"executed_lines": [378, 381, 382, 384, 385, 388, 389, 390, 391, 395, 400], "summary": {"covered_lines": 11, "num_statements": 17, "percent_covered": 64.70588235294117, "percent_covered_display": "65", "missing_lines": 6, "excluded_lines": 0, "percent_statements_covered": 64.70588235294117, "percent_statements_covered_display": "65"}, "missing_lines": [379, 393, 396, 397, 398, 399], "excluded_lines": [], "start_line": 376}, "AtomicSystem.break_bond": {"executed_lines": [404, 405, 407, 408, 410, 411, 412, 413, 414, 415, 416], "summary": {"covered_lines": 11, "num_statements": 12, "percent_covered": 91.66666666666667, "percent_covered_display": "92", "missing_lines": 1, "excluded_lines": 0, "percent_statements_covered": 91.66666666666667, "percent_statements_covered_display": "92"}, "missing_lines": [417], "excluded_lines": [], "start_line": 402}, "AtomicSystem.cool": {"executed_lines": [421], "summary": {"covered_lines": 1, "num_statements": 1, "percent_covered": 100.0, "percent_covered_display": "100", "missing_lines": 0, "excluded_lines": 0, "percent_statements_covered": 100.0, "percent_statements_covered_display": "100"}, "missing_lines": [], "excluded_lines": [], "start_line": 419}, "AtomicSystem.element_counts": {"executed_lines": [425, 426, 427, 428, 429], "summary": {"covered_lines": 5, "num_statements": 5, "percent_covered": 100.0, "percent_covered_display": "100", "missing_lines": 0, "excluded_lines": 0, "percent_statements_covered": 100.0, "percent_statements_covered_display": "100"}, "missing_lines": [], "excluded_lines": [], "start_line": 423}, "AtomicSystem.to_compact": {"executed_lines": [432, 433, 434], "summary": {"covered_lines": 3, "num_statements": 3, "percent_covered": 100.0, "percent_covered_display": "100", "missing_lines": 0, "excluded_lines": 0, "percent_statements_covered": 100.0, "percent_statements_covered_display": "100"}, "missing_lines": [], "excluded_lines": [], "start_line": 431}, "": {"executed_lines": [7, 8, 9, 10, 12, 17, 21, 46, 47, 49, 50, 51, 53, 54, 57, 58, 61, 68, 76, 77, 79, 80, 81, 82, 83, 84, 85, 86, 87, 89, 91, 108, 123, 135, 136, 140, 141, 145, 146, 150, 151, 154, 155, 160, 161, 168, 169, 174, 175, 178, 187, 194, 202, 212, 222, 228, 239, 242, 249, 280, 312, 376, 402, 419, 423, 431], "summary": {"covered_lines": 66, "num_statements": 66, "percent_covered": 100.0, "percent_covered_display": "100", "missing_lines": 0, "excluded_lines": 0, "percent_statements_covered": 100.0, "percent_statements_covered_display": "100"}, "missing_lines": [], "excluded_lines": [], "start_line": 1}}, "classes": {"ElectronShell": {"executed_lines": [55, 59, 63, 64, 65, 66, 70, 71, 72, 73], "summary": {"covered_lines": 10, "num_statements": 10, "percent_covered": 100.0, "percent_covered_display": "100", "missing_lines": 0, "excluded_lines": 0, "percent_statements_covered": 100.0, "percent_statements_covered_display": "100"}, "missing_lines": [], "excluded_lines": [], "start_line": 47}, "Atom": {"executed_lines": [92, 93, 95, 96, 97, 98, 100, 101, 103, 104, 106, 110, 111, 112, 113, 114, 115, 120, 121, 125, 126, 127, 128, 129, 133, 137, 138, 142, 143, 147, 148, 152, 156, 157, 158, 163, 164, 165, 166, 170, 171, 172, 176, 180, 181, 182, 183, 184, 185, 189, 190, 191, 192, 196, 197, 198, 199, 200, 204, 205, 206, 207, 210, 214, 215, 217, 220, 224, 229, 230, 231, 232, 234, 235], "summary": {"covered_lines": 74, "num_statements": 78, "percent_covered": 94.87179487179488, "percent_covered_display": "95", "missing_lines": 4, "excluded_lines": 0, "percent_statements_covered": 94.87179487179488, "percent_statements_covered_display": "95"}, "missing_lines": [208, 216, 218, 233], "excluded_lines": [], "start_line": 77}, "AtomicSystem": {"executed_lines": [243, 244, 245, 246, 247, 251, 252, 254, 255, 257, 260, 261, 263, 264, 270, 271, 273, 274, 275, 276, 278, 285, 289, 290, 295, 296, 297, 298, 301, 302, 307, 308, 310, 317, 320, 321, 323, 326, 340, 341, 342, 358, 359, 360, 374, 378, 381, 382, 384, 385, 388, 389, 390, 391, 395, 400, 404, 405, 407, 408, 410, 411, 412, 413, 414, 415, 416, 421, 425, 426, 427, 428, 429, 432, 433, 434], "summary": {"covered_lines": 76, "num_statements": 104, "percent_covered": 73.07692307692308, "percent_covered_display": "73", "missing_lines": 28, "excluded_lines": 0, "percent_statements_covered": 73.07692307692308, "percent_statements_covered_display": "73"}, "missing_lines": [262, 327, 328, 329, 331, 336, 337, 343, 344, 345, 346, 348, 353, 354, 361, 362, 363, 364, 366, 371, 372, 379, 393, 396, 397, 398, 399, 417], "excluded_lines": [], "start_line": 239}, "": {"executed_lines": [7, 8, 9, 10, 12, 17, 21, 46, 47, 49, 50, 51, 53, 54, 57, 58, 61, 68, 76, 77, 79, 80, 81, 82, 83, 84, 85, 86, 87, 89, 91, 108, 123, 135, 136, 140, 141, 145, 146, 150, 151, 154, 155, 160, 161, 168, 169, 174, 175, 178, 187, 194, 202, 212, 222, 228, 239, 242, 249, 280, 312, 376, 402, 419, 423, 431], "summary": {"covered_lines": 66, "num_statements": 66, "percent_covered": 100.0, "percent_covered_display": "100", "missing_lines": 0, "excluded_lines": 0, "percent_statements_covered": 100.0, "percent_statements_covered_display": "100"}, "missing_lines": [], "excluded_lines": [], "start_line": 1}}}, "simulator/biology.py": {"executed_lines": [11, 12, 13, 14, 16, 23, 26, 27, 29, 30, 31, 32, 34, 35, 36, 37, 40, 41, 43, 44, 45, 46, 47, 48, 49, 51, 52, 53, 55, 56, 58, 62, 64, 66, 67, 72, 74, 76, 80, 82, 84, 89, 91, 93, 97, 102, 103, 104, 107, 109, 110, 111, 112, 113, 114, 116, 117, 119, 121, 122, 123, 124, 125, 126, 127, 128, 130, 131, 132, 133, 134, 135, 138, 139, 141, 142, 143, 144, 146, 148, 149, 150, 152, 153, 154, 156, 157, 158, 159, 160, 161, 163, 164, 166, 167, 170, 171, 172, 173, 174, 177, 184, 186, 188, 190, 191, 193, 194, 212, 213, 215, 221, 224, 225, 228, 229, 230, 233, 234, 235, 236, 237, 238, 240, 241, 243, 246, 248, 249, 250, 253, 254, 255, 259, 260, 261, 264, 265, 266, 267, 270, 271, 275, 276, 277, 278, 280, 281, 282, 283, 284, 285, 289, 291, 292, 293, 295, 296, 297, 299, 300, 301, 302, 303, 304, 305, 306, 307, 309, 312, 313, 315, 316, 317, 318, 319, 321, 322, 323, 325, 327, 328, 329, 330, 331, 332, 334, 335, 336, 337, 338, 341, 342, 344, 345, 346, 347, 348, 349, 350, 352, 354, 355, 356, 358, 360, 361, 362, 363, 366, 367, 371, 372, 373, 376, 379, 384, 385, 386, 388, 390, 393, 397, 398, 399, 400, 402, 403, 405, 407, 408, 410, 411, 413, 420, 422, 424, 426, 427, 428, 431, 434, 435, 436, 439, 442, 445, 448, 450, 452, 454, 455, 461, 464, 465, 466, 467, 468, 469, 471, 472, 475, 476, 477, 479, 484, 487, 488, 491, 492, 493, 494, 497, 498, 499, 502, 503, 506, 507, 509, 510, 511, 512, 513, 514, 515, 516, 518, 521, 522, 523, 526, 527, 528, 529, 530, 532, 533, 534, 535, 537, 538, 539, 540, 542, 543, 545, 546], "summary": {"covered_lines": 308, "num_statements": 311, "percent_covered": 99.03536977491962, "percent_covered_display": "99", "missing_lines": 3, "excluded_lines": 0, "percent_statements_covered": 99.03536977491962, "percent_statements_covered_display": "99"}, "missing_lines": [175, 368, 377], "excluded_lines": [], "functions": {"EpigeneticMark.to_compact": {"executed_lines": [35, 36, 37], "summary": {"covered_lines": 3, "num_statements": 3, "percent_covered": 100.0, "percent_covered_display": "100", "missing_lines": 0, "excluded_lines": 0, "percent_statements_covered": 100.0, "percent_statements_covered_display": "100"}, "missing_lines": [], "excluded_lines": [], "start_line": 34}, "Gene.length": {"executed_lines": [53], "summary": {"covered_lines": 1, "num_statements": 1, "percent_covered": 100.0, "percent_covered_display": "100", "missing_lines": 0, "excluded_lines": 0, "percent_statements_covered": 100.0, "percent_statements_covered_display": "100"}, "missing_lines": [], "excluded_lines": [], "start_line": 52}, "Gene.is_silenced": {"executed_lines": [58, 62], "summary": {"covered_lines": 2, "num_statements": 2, "percent_covered": 100.0, "percent_covered_display": "100", "missing_lines": 0, "excluded_lines": 0, "percent_statements_covered": 100.0, "percent_statements_covered_display": "100"}, "missing_lines": [], "excluded_lines": [], "start_line": 56}, "Gene.methylate": {"executed_lines": [66, 67, 72], "summary": {"covered_lines": 3, "num_statements": 3, "percent_covered": 100.0, "percent_covered_display": "100", "missing_lines": 0, "excluded_lines": 0, "percent_statements_covered": 100.0, "percent_statements_covered_display": "100"}, "missing_lines": [], "excluded_lines": [], "start_line": 64}, "Gene.demethylate": {"executed_lines": [76, 80], "summary": {"covered_lines": 2, "num_statements": 2, "percent_covered": 100.0, "percent_covered_display": "100", "missing_lines": 0, "excluded_lines": 0, "percent_statements_covered": 100.0, "percent_statements_covered_display": "100"}, "missing_lines": [], "excluded_lines": [], "start_line": 74}, "Gene.acetylate": {"executed_lines": [84, 89], "summary": {"covered_lines": 2, "num_statements": 2, "percent_covered": 100.0, "percent_covered_display": "100", "missing_lines": 0, "excluded_lines": 0, "percent_statements_covered": 100.0, "percent_statements_covered_display": "100"}, "missing_lines": [], "excluded_lines": [], "start_line": 82}, "Gene._update_expression": {"executed_lines": [93, 97, 102, 103, 104], "summary": {"covered_lines": 5, "num_statements": 5, "percent_covered": 100.0, "percent_covered_display": "100", "missing_lines": 0, "excluded_lines": 0, "percent_statements_covered": 100.0, "percent_statements_covered_display": "100"}, "missing_lines": [], "excluded_lines": [], "start_line": 91}, "Gene.transcribe": {"executed_lines": [109, 110, 111, 112, 113, 114, 116, 117], "summary": {"
[...]
splay": "100"}, "missing_lines": [], "excluded_lines": [], "start_line": 45}, "WaveFunction": {"executed_lines": [89, 93, 94, 95, 99, 100, 101, 102, 107, 108, 112, 113, 120], "summary": {"covered_lines": 13, "num_statements": 13, "percent_covered": 100.0, "percent_covered_display": "100", "missing_lines": 0, "excluded_lines": 0, "percent_statements_covered": 100.0, "percent_statements_covered_display": "100"}, "missing_lines": [], "excluded_lines": [], "start_line": 80}, "Particle": {"executed_lines": [138, 139, 143, 147, 152, 153, 158, 159, 160, 161, 164], "summary": {"covered_lines": 11, "num_statements": 11, "percent_covered": 100.0, "percent_covered_display": "100", "missing_lines": 0, "excluded_lines": 0, "percent_statements_covered": 100.0, "percent_statements_covered_display": "100"}, "missing_lines": [], "excluded_lines": [], "start_line": 124}, "EntangledPair": {"executed_lines": [179, 183, 184, 185, 186, 187], "summary": {"covered_lines": 6, "num_statements": 8, "percent_covered": 75.0, "percent_covered_display": "75", "missing_lines": 2, "excluded_lines": 0, "percent_statements_covered": 75.0, "percent_statements_covered_display": "75"}, "missing_lines": [180, 181], "excluded_lines": [], "start_line": 171}, "QuantumField": {"executed_lines": [194, 195, 196, 197, 198, 199, 206, 207, 210, 212, 213, 215, 216, 218, 219, 220, 222, 227, 234, 235, 237, 238, 241, 243, 247, 248, 249, 250, 251, 252, 253, 256, 260, 264, 265, 269, 270, 272, 273, 274, 277, 279, 280, 283, 284, 285, 287, 296, 297, 298, 299, 300, 302, 304, 305, 307, 308, 309, 311, 320, 321, 322, 323, 324, 326, 331, 332, 333, 334, 335, 339, 340, 341, 342, 346, 350, 352, 353, 354, 357, 358, 359, 362, 366, 367, 368, 369, 370, 374, 378, 379, 380], "summary": {"covered_lines": 92, "num_statements": 92, "percent_covered": 100.0, "percent_covered_display": "100", "missing_lines": 0, "excluded_lines": 0, "percent_statements_covered": 100.0, "percent_statements_covered_display": "100"}, "missing_lines": [], "excluded_lines": [], "start_line": 190}, "": {"executed_lines": [8, 9, 10, 11, 12, 14, 22, 24, 25, 27, 28, 29, 31, 32, 33, 34, 36, 37, 40, 41, 42, 45, 46, 47, 48, 49, 50, 51, 54, 66, 79, 80, 82, 83, 84, 86, 87, 91, 97, 104, 119, 123, 124, 126, 127, 128, 129, 130, 131, 132, 133, 135, 137, 141, 142, 145, 146, 149, 150, 155, 156, 163, 170, 171, 173, 174, 175, 177, 190, 193, 201, 245, 267, 328, 337, 344, 348, 364, 372, 376], "summary": {"covered_lines": 80, "num_statements": 80, "percent_covered": 100.0, "percent_covered_display": "100", "missing_lines": 0, "excluded_lines": 0, "percent_statements_covered": 100.0, "percent_statements_covered_display": "100"}, "missing_lines": [], "excluded_lines": [], "start_line": 1}}}, "simulator/terminal_ui.py": {"executed_lines": [7, 8, 9, 12, 13, 14, 15, 16, 17, 18, 19, 20, 21, 22, 25, 26, 27, 28, 29, 30, 31, 32, 33, 34, 35, 38, 39, 40, 41, 42, 43, 46, 49, 50, 51, 52, 53, 55, 57, 59, 60, 61, 62, 63, 64, 67, 68, 69, 72, 74, 75, 78, 81, 82, 84, 85, 86, 87, 88, 92, 94, 95, 96, 97, 98, 99, 102, 103, 104, 106, 108, 109, 110, 111, 112, 115, 118, 119, 120, 122, 123, 124, 125, 126, 127, 130, 132, 133, 136, 137, 138, 139, 140, 141, 144, 146, 147, 148, 149, 150, 151, 152, 153, 154, 157, 159, 160, 161, 162, 163, 164, 165, 166, 167, 170, 172, 173, 174, 175, 177, 178, 179, 181, 183, 184, 185, 188, 189, 190, 191, 192, 194, 197, 199, 200, 201, 202, 203, 205, 207, 208, 210, 211, 212, 213, 215, 218, 220, 221, 224, 228, 231, 234, 237, 239, 240, 242, 245, 246, 247, 248, 249, 252, 253, 259, 262, 263, 266, 267, 270, 271, 278, 280, 283, 289, 291, 292, 294, 316, 317, 318, 319, 321, 322, 324, 326, 327, 328, 329, 332, 333, 334, 336, 339, 340, 341, 342, 344, 345, 346, 347, 349, 350], "summary": {"covered_lines": 203, "num_statements": 206, "percent_covered": 98.54368932038835, "percent_covered_display": "99", "missing_lines": 3, "excluded_lines": 0, "percent_statements_covered": 98.54368932038835, "percent_statements_covered_display": "99"}, "missing_lines": [241, 285, 286], "excluded_lines": [], "functions": {"box": {"executed_lines": [49, 50, 51, 52, 53, 55, 57, 59, 60, 61, 62, 63, 64, 67, 68, 69], "summary": {"covered_lines": 16, "num_statements": 16, "percent_covered": 100.0, "percent_covered_display": "100", "missing_lines": 0, "excluded_lines": 0, "percent_statements_covered": 100.0, "percent_statements_covered_display": "100"}, "missing_lines": [], "excluded_lines": [], "start_line": 46}, "_strip_ansi": {"executed_lines": [74, 75], "summary": {"covered_lines": 2, "num_statements": 2, "percent_covered": 100.0, "percent_covered_display": "100", "missing_lines": 0, "excluded_lines": 0, "percent_statements_covered": 100.0, "percent_statements_covered_display": "100"}, "missing_lines": [], "excluded_lines": [], "start_line": 72}, "progress_bar": {"executed_lines": [81, 82, 84, 85, 86, 87, 88], "summary": {"covered_lines": 7, "num_statements": 7, "percent_covered": 100.0, "percent_covered_display": "100", "missing_lines": 0, "excluded_lines": 0, "percent_statements_covered": 100.0, "percent_statements_covered_display": "100"}, "missing_lines": [], "excluded_lines": [], "start_line": 78}, "sparkline": {"executed_lines": [94, 95, 96, 97, 98, 99, 102, 103, 104, 106, 108, 109, 110, 111, 112], "summary": {"covered_lines": 15, "num_statements": 15, "percent_covered": 100.0, "percent_covered_display": "100", "missing_lines": 0, "excluded_lines": 0, "percent_statements_covered": 100.0, "percent_statements_covered_display": "100"}, "missing_lines": [], "excluded_lines": [], "start_line": 92}, "render_epoch_timeline": {"executed_lines": [118, 119, 120, 122, 123, 124, 125, 126, 127, 130, 132, 133], "summary": {"covered_lines": 12, "num_statements": 12, "percent_covered": 100.0, "percent_covered_display": "100", "missing_lines": 0, "excluded_lines": 0, "percent_statements_covered": 100.0, "percent_statements_covered_display": "100"}, "missing_lines": [], "excluded_lines": [], "start_line": 115}, "_get_current_epoch": {"executed_lines": [137, 138, 139, 140, 141], "summary": {"covered_lines": 5, "num_statements": 5, "percent_covered": 100.0, "percent_covered_display": "100", "missing_lines": 0, "excluded_lines": 0, "percent_statements_covered": 100.0, "percent_statements_covered_display": "100"}, "missing_lines": [], "excluded_lines": [], "start_line": 136}, "render_particle_counts": {"executed_lines": [146, 147, 148, 149, 150, 151, 152, 153, 154], "summary": {"covered_lines": 9, "num_statements": 9, "percent_covered": 100.0, "percent_covered_display": "100", "missing_lines": 0, "excluded_lines": 0, "percent_statements_covered": 100.0, "percent_statements_covered_display": "100"}, "missing_lines": [], "excluded_lines": [], "start_line": 144}, "render_element_counts": {"executed_lines": [159, 160, 161, 162, 163, 164, 165, 166, 167], "summary": {"covered_lines": 9, "num_statements": 9, "percent_covered": 100.0, "percent_covered_display": "100", "missing_lines": 0, "excluded_lines": 0, "percent_statements_covered": 100.0, "percent_statements_covered_display": "100"}, "missing_lines": [], "excluded_lines": [], "start_line": 157}, "render_biosphere": {"executed_lines": [172, 173, 174, 175, 177, 178, 179, 181, 183, 184, 185, 188, 189, 190, 191, 192, 194], "summary": {"covered_lines": 17, "num_statements": 17, "percent_covered": 100.0, "percent_covered_display": "100", "missing_lines": 0, "excluded_lines": 0, "percent_statements_covered": 100.0, "percent_statements_covered_display": "100"}, "missing_lines": [], "excluded_lines": [], "start_line": 170}, "render_environment": {"executed_lines": [199, 200, 201, 202, 203, 205, 207, 208, 210, 211, 212, 213, 215], "summary": {"covered_lines": 13, "num_statements": 13, "percent_covered": 100.0, "percent_covered_display": "100", "missing_lines": 0, "excluded_lines": 0, "percent_statements_covered": 100.0, "percent_statements_covered_display": "100"}, "missing_lines": [], "excluded_lines": [], "start_line": 197}, "render_full_state": {"executed_lines": [220, 221, 224, 228, 231, 234, 237, 239, 240, 242, 245, 246, 247, 248, 249, 252, 253, 259, 262, 263, 266, 267, 270, 271, 278, 280], "summary": {"covered_lines": 26, "num_statements": 27, "percent_covered": 96.29629629629629, "percent_covered_display": "96", "missing_lines": 1, "excluded_lines": 0, "percent_statements_covered": 96.29629629629629, "percent_statements_covered_display": "96"}, "missing_lines": [241], "excluded_lines": [], "start_line": 218}, "clear_screen": {"executed_lines": [], "summary": {"covered_lines": 0, "num_statements": 2, "percent_covered": 0.0, "percent_covered_display": "0", "missing_lines": 2, "excluded_lines": 0, "percent_statements_covered": 0.0, "percent_statements_covered_display": "0"}, "missing_lines": [285, 286], "excluded_lines": [], "start_line": 283}, "render_final_report": {"executed_lines": [291, 292, 294, 316, 317, 318, 319, 321, 322, 324, 326, 327, 328, 329, 332, 333, 334, 336, 339, 340, 341, 342, 344, 345, 346, 347, 349, 350], "summary": {"covered_lines": 28, "num_statements": 28, "percent_covered": 100.0, "percent_covered_display": "100", "missing_lines": 0, "excluded_lines": 0, "percent_statements_covered": 100.0, "percent_statements_covered_display": "100"}, "missing_lines": [], "excluded_lines": [], "start_line": 289}, "": {"executed_lines": [7, 8, 9, 12, 13, 14, 15, 16, 17, 18, 19, 20, 21, 22, 25, 26, 27, 28, 29, 30, 31, 32, 33, 34, 35, 38, 39, 40, 41, 42, 43, 46, 72, 78, 92, 115, 136, 144, 157, 170, 197, 218, 283, 289], "summary": {"covered_lines": 44, "num_statements": 44, "percent_covered": 100.0, "percent_covered_display": "100", "missing_lines": 0, "excluded_lines": 0, "percent_statements_covered": 100.0, "percent_statements_covered_display": "100"}, "missing_lines": [], "excluded_lines": [], "start_line": 1}}, "classes": {"": {"executed_lines": [7, 8, 9, 12, 13, 14, 15, 16, 17, 18, 19, 20, 21, 22, 25, 26, 27, 28, 29, 30, 31, 32, 33, 34, 35, 38, 39, 40, 41, 42, 43, 46, 49, 50, 51, 52, 53, 55, 57, 59, 60, 61, 62, 63, 64, 67, 68, 69, 72, 74, 75, 78, 81, 82, 84, 85, 86, 87, 88, 92, 94, 95, 96, 97, 98, 99, 102, 103, 104, 106, 108, 109, 110, 111, 112, 115, 118, 119, 120, 122, 123, 124, 125, 126, 127, 130, 132, 133, 136, 137, 138, 139, 140, 141, 144, 146, 147, 148, 149, 150, 151, 152, 153, 154, 157, 159, 160, 161, 162, 163, 164, 165, 166, 167, 170, 172, 173, 174, 175, 177, 178, 179, 181, 183, 184, 185, 188, 189, 190, 191, 192, 194, 197, 199, 200, 201, 202, 203, 205, 207, 208, 210, 211, 212, 213, 215, 218, 220, 221, 224, 228, 231, 234, 237, 239, 240, 242, 245, 246, 247, 248, 249, 252, 253, 259, 262, 263, 266, 267, 270, 271, 278, 280, 283, 289, 291, 292, 294, 316, 317, 318, 319, 321, 322, 324, 326, 327, 328, 329, 332, 333, 334, 336, 339, 340, 341, 342, 344, 345, 346, 347, 349, 350], "summary": {"covered_lines": 203, "num_statements": 206, "percent_covered": 98.54368932038835, "percent_covered_display": "99", "missing_lines": 3, "excluded_lines": 0, "percent_statements_covered": 98.54368932038835, "percent_statements_covered_display": "99"}, "missing_lines": [241, 285, 286], "excluded_lines": [], "start_line": 1}}}, "simulator/universe.py": {"executed_lines": [7, 8, 9, 10, 12, 19, 20, 21, 22, 23, 26, 27, 29, 30, 31, 32, 35, 65, 66, 68, 69, 70, 71, 72, 73, 74, 75, 76, 77, 79, 80, 94, 97, 99, 100, 102, 103, 104, 105, 108, 109, 110, 111, 114, 117, 118, 119, 122, 123, 125, 127, 128, 130, 132, 133, 134, 135, 136, 138, 140, 141, 142, 144, 145, 147, 149, 150, 154, 155, 162, 163, 170, 171, 176, 177, 181, 183, 185, 188, 189, 190, 193, 196, 197, 200, 202, 205, 206, 209, 210, 211, 214, 217, 219, 220, 221, 222, 225, 226, 230, 234, 235, 239, 240, 241, 243, 244, 245, 246, 249, 251, 252, 253, 256, 257, 258, 261, 264, 265, 266, 269, 271, 272, 276, 277, 278, 279, 283, 284, 287, 289, 290, 291, 292, 297, 298, 302, 305, 306, 307, 308, 310, 317, 318, 321, 322, 324, 325, 327, 329, 337, 338, 340, 341, 342, 343, 344, 346, 347, 349, 351, 352, 353, 355, 356, 357, 359, 360, 361, 364, 365, 366, 367, 369, 370, 371, 372, 374, 376, 378, 383, 385, 387, 388, 390, 392], "summary": {"covered_lines": 186, "num_statements": 189, "percent_covered": 98.41269841269842, "percent_covered_display": "98", "missing_lines": 3, "excluded_lines": 0, "percent_statements_covered": 98.41269841269842, "percent_statements_covered_display": "98"}, "missing_lines": [212, 384, 386], "excluded_lines": [], "functions": {"SimulationMetrics.to_dict": {"executed_lines": [80], "summary": {"covered_lines": 1, "num_statements": 1, "percent_covered": 100.0, "percent_covered_display": "100", "missing_lines": 0, "excluded_lines": 0, "percent_statements_covered": 100.0, "percent_statements_covered_display": "100"}, "missing_lines": [], "excluded_lines": [], "start_line": 79}, "Universe.__init__": {"executed_lines": [99, 100, 102, 103, 104, 105, 108, 109, 110, 111, 114, 117, 118, 119, 122, 123], "summary": {"covered_lines": 16, "num_statements": 16, "percent_covered": 100.0, "percent_covered_display": "100", "missing_lines": 0, "excluded_lines": 0, "percent_statements_covered": 100.0, "percent_statements_covered_display": "100"}, "missing_lines": [], "excluded_lines": [], "start_line": 97}, "Universe.set_callbacks": {"executed_lines": [127, 128], "summary": {"covered_lines": 2, "num_statements": 2, "percent_covered": 100.0, "percent_covered_display": "100", "missing_lines": 0, "excluded_lines": 0, "percent_statements_covered": 100.0, "percent_statements_covered_display": "100"}, "missing_lines": [], "excluded_lines": [], "start_line": 125}, "Universe._get_epoch_name": {"executed_lines": [132, 133, 134, 135, 136], "summary": {"covered_lines": 5, "num_statements": 5, "percent_covered": 100.0, "percent_covered_display": "100", "missing_lines": 0, "excluded_lines": 0, "percent_statements_covered": 100.0, "percent_statements_covered_display": "100"}, "missing_lines": [], "excluded_lines": [], "start_line": 130}, "Universe._transition_epoch": {"executed_lines": [140, 141, 142, 144, 145], "summary": {"covered_lines": 5, "num_statements": 5, "percent_covered": 100.0, "percent_covered_display": "100", "missing_lines": 0, "excluded_lines": 0, "percent_statements_covered": 100.0, "percent_statements_covered_display": "100"}, "missing_lines": [], "excluded_lines": [], "start_line": 138}, "Universe._seed_early_universe": {"executed_lines": [149, 150, 154, 155, 162, 163, 170, 171, 176, 177, 181], "summary": {"covered_lines": 11, "num_statements": 11, "percent_covered": 100.0, "percent_covered_display": "100", "missing_lines": 0, "excluded_lines": 0, "percent_statements_covered": 100.0, "percent_statements_covered_display": "100"}, "missing_lines": [], "excluded_lines": [], "start_line": 147}, "Universe.step": {"executed_lines": [185, 188, 189, 190, 193, 196, 197, 200, 202, 205, 206, 209, 210, 211, 214, 217, 219, 220, 221, 222, 225, 226, 230, 234, 235, 239, 240, 241, 243, 244, 245, 246, 249, 251, 252, 253, 256, 257, 258, 261, 264, 265, 266, 269, 271, 272, 276, 277, 278, 279, 283, 284, 287, 289, 290, 291, 292, 297, 298, 302, 305, 306, 307, 308, 310, 317, 318, 321, 322, 324, 325], "summary": {"covered_lines": 71, "num_statements": 72, "percent_covered": 98.61111111111111, "percent_covered_display": "99", "missing_lines": 1, "excluded_lines": 0, "percent_statements_covered": 98.61111111111111, "percent_statements_covered_display": "99"}, "missing_lines": [212], "excluded_lines": [], "start_line": 183}, "Universe._snapshot": {"executed_lines": [329, 337, 338, 340, 341, 342, 343, 344, 346, 347], "summary": {"covered_lines": 10, "num_statements": 10, "percent_covered": 100.0, "percent_covered_display": "100", "missing_lines": 0, "excluded_lines": 0, "percent_statements_covered": 100.0, "percent_statements_covered_display": "100"}, "missing_lines": [], "excluded_lines": [], "start_line": 327}, "Universe.run": {"executed_lines": [351, 352, 353, 355, 356, 357, 359, 360, 361, 364, 365, 366, 367, 369, 370, 371, 372, 374], "summary": {"covered_lines": 18, "num_statements": 18, "percent_covered": 100.0, "percent_covered_display": "100", "missing_lines": 0, "excluded_lines": 0, "percent_statements_covered": 100.0, "percent_statements_covered_display": "100"}, "missing_lines": [], "excluded_lines": [], "start_line": 349}, "Universe.state_compact": {"executed_lines": [378, 383, 385, 387, 388], "summary": {"covered_lines": 5, "num_statements": 7, "percent_covered": 71.42857142857143, "percent_covered_display": "71", "missing_lines": 2, "excluded_lines": 0, "percent_statements_covered": 71.42857142857143, "percent_statements_covered_display": "71"}, "missing_lines": [384, 386], "excluded_lines": [], "start_line": 376}, "Universe.summary": {"executed_lines": [392], "summary": {"covered_lines": 1, "num_statements": 1, "percent_covered": 100.0, "percent_covered_display": "100", "missing_lines": 0, "excluded_lines": 0, "percent_statements_covered": 100.0, "percent_statements_covered_display": "100"}, "missing_lines": [], "excluded_lines": [], "start_line": 390}, "": {"executed_lines": [7, 8, 9, 10, 12, 19, 20, 21, 22, 23, 26, 27, 29, 30, 31, 32, 35, 65, 66, 68, 69, 70, 71, 72, 73, 74, 75, 76, 77, 79, 94, 97, 125, 130, 138, 147, 183, 327, 349, 376, 390], "summary": {"covered_lines": 41, "num_statements": 41, "percent_covered": 100.0, "percent_covered_display": "100", "missing_lines": 0, "excluded_lines": 0, "percent_statements_covered": 100.0, "percent_statements_covered_display": "100"}, "missing_lines": [], "excluded_lines": [], "start_line": 1}}, "classes": {"EpochInfo": {"executed_lines": [], "summary": {"covered_lines": 0, "num_statements": 0, "percent_covered": 100.0, "percent_covered_display": "100", "missing_lines": 0, "excluded_lines": 0, "percent_statements_covered": 100.0, "percent_statements_covered_display": "100"}, "missing_lines": [], "excluded_lines": [], "start_line": 27}, "SimulationMetrics": {"executed_lines": [80], "summary": {"covered_lines": 1, "num_statements": 1, "percent_covered": 100.0, "percent_covered_display": "100", "missing_lines": 0, "excluded_lines": 0, "percent_statements_covered": 100.0, "percent_statements_covered_display": "100"}, "missing_lines": [], "excluded_lines": [], "start_line": 66}, "Universe": {"executed_lines": [99, 100, 102, 103, 104, 105, 108, 109, 110, 111, 114, 117, 118, 119, 122, 123, 127, 128, 132, 133, 134, 135, 136, 140, 141, 142, 144, 145, 149, 150, 154, 155, 162, 163, 170, 171, 176, 177, 181, 185, 188, 189, 190, 193, 196, 197, 200, 202, 205, 206, 209, 210, 211, 214, 217, 219, 220, 221, 222, 225, 226, 230, 234, 235, 239, 240, 241, 243, 244, 245, 246, 249, 251, 252, 253, 256, 257, 258, 261, 264, 265, 266, 269, 271, 272, 276, 277, 278, 279, 283, 284, 287, 289, 290, 291, 292, 297, 298, 302, 305, 306, 307, 308, 310, 317, 318, 321, 322, 324, 325, 329, 337, 338, 340, 341, 342, 343, 344, 346, 347, 351, 352, 353, 355, 356, 357, 359, 360, 361, 364, 365, 366, 367, 369, 370, 371, 372, 374, 378, 383, 385, 387, 388, 392], "summary": {"covered_lines": 144, "num_statements": 147, "percent_covered": 97.95918367346938, "percent_covered_display": "98", "missing_lines": 3, "excluded_lines": 0, "percent_statements_covered": 97.95918367346938, "percent_statements_covered_display": "98"}, "missing_lines": [212, 384, 386], "excluded_lines": [], "start_line": 94}, "": {"executed_lines": [7, 8, 9, 10, 12, 19, 20, 21, 22, 23, 26, 27, 29, 30, 31, 32, 35, 65, 66, 68, 69, 70, 71, 72, 73, 74, 75, 76, 77, 79, 94, 97, 125, 130, 138, 147, 183, 327, 349, 376, 390], "summary": {"covered_lines": 41, "num_statements": 41, "percent_covered": 100.0, "percent_covered_display": "100", "missing_lines": 0, "excluded_lines": 0, "percent_statements_covered": 100.0, "percent_statements_covered_display": "100"}, "missing_lines": [], "excluded_lines": [], "start_line": 1}}}}, "totals": {"covered_lines": 2247, "num_statements": 2429, "percent_covered": 92.507204610951, "percent_covered_display": "93", "missing_lines": 182, "excluded_lines": 0, "percent_statements_covered": 92.507204610951, "percent_statements_covered_display": "93"}}